mode: atomic
github.com/khulnasoft-lab/tunnel-db/pkg/utils/file.go:14.79,15.82 1 1
github.com/khulnasoft-lab/tunnel-db/pkg/utils/file.go:15.82,16.17 1 5
github.com/khulnasoft-lab/tunnel-db/pkg/utils/file.go:16.17,18.4 1 0
github.com/khulnasoft-lab/tunnel-db/pkg/utils/file.go:18.9,18.23 1 5
github.com/khulnasoft-lab/tunnel-db/pkg/utils/file.go:18.23,20.4 1 2
github.com/khulnasoft-lab/tunnel-db/pkg/utils/file.go:22.3,23.17 2 3
github.com/khulnasoft-lab/tunnel-db/pkg/utils/file.go:23.17,25.4 1 0
github.com/khulnasoft-lab/tunnel-db/pkg/utils/file.go:27.3,27.23 1 3
github.com/khulnasoft-lab/tunnel-db/pkg/utils/file.go:27.23,30.4 2 2
github.com/khulnasoft-lab/tunnel-db/pkg/utils/file.go:32.3,33.17 2 1
github.com/khulnasoft-lab/tunnel-db/pkg/utils/file.go:33.17,35.4 1 0
github.com/khulnasoft-lab/tunnel-db/pkg/utils/file.go:36.3,38.40 2 1
github.com/khulnasoft-lab/tunnel-db/pkg/utils/file.go:38.40,40.4 1 0
github.com/khulnasoft-lab/tunnel-db/pkg/utils/file.go:41.3,41.13 1 1
github.com/khulnasoft-lab/tunnel-db/pkg/utils/file.go:43.2,43.16 1 1
github.com/khulnasoft-lab/tunnel-db/pkg/utils/file.go:43.16,45.3 1 0
github.com/khulnasoft-lab/tunnel-db/pkg/utils/file.go:46.2,46.12 1 1
github.com/khulnasoft-lab/tunnel-db/pkg/utils/file.go:49.40,51.16 2 0
github.com/khulnasoft-lab/tunnel-db/pkg/utils/file.go:51.16,53.3 1 0
github.com/khulnasoft-lab/tunnel-db/pkg/utils/file.go:54.2,54.24 1 0
github.com/khulnasoft-lab/tunnel-db/pkg/utils/file.go:54.24,56.3 1 0
github.com/khulnasoft-lab/tunnel-db/pkg/utils/file.go:57.2,57.18 1 0
github.com/khulnasoft-lab/tunnel-db/pkg/utils/file.go:60.62,62.16 2 0
github.com/khulnasoft-lab/tunnel-db/pkg/utils/file.go:62.16,64.3 1 0
github.com/khulnasoft-lab/tunnel-db/pkg/utils/file.go:65.2,67.52 2 0
github.com/khulnasoft-lab/tunnel-db/pkg/utils/file.go:67.52,69.3 1 0
github.com/khulnasoft-lab/tunnel-db/pkg/utils/file.go:70.2,70.12 1 0
github.com/khulnasoft-lab/tunnel-db/pkg/utils/progress.go:18.41,19.11 1 0
github.com/khulnasoft-lab/tunnel-db/pkg/utils/progress.go:19.11,21.3 1 0
github.com/khulnasoft-lab/tunnel-db/pkg/utils/progress.go:22.2,24.28 3 0
github.com/khulnasoft-lab/tunnel-db/pkg/utils/progress.go:27.27,28.21 1 0
github.com/khulnasoft-lab/tunnel-db/pkg/utils/progress.go:28.21,30.3 1 0
github.com/khulnasoft-lab/tunnel-db/pkg/utils/progress.go:31.2,31.18 1 0
github.com/khulnasoft-lab/tunnel-db/pkg/utils/progress.go:33.26,34.21 1 0
github.com/khulnasoft-lab/tunnel-db/pkg/utils/progress.go:34.21,36.3 1 0
github.com/khulnasoft-lab/tunnel-db/pkg/utils/progress.go:37.2,37.17 1 0
github.com/khulnasoft-lab/tunnel-db/pkg/utils/progress.go:45.41,46.11 1 0
github.com/khulnasoft-lab/tunnel-db/pkg/utils/progress.go:46.11,48.3 1 0
github.com/khulnasoft-lab/tunnel-db/pkg/utils/progress.go:49.2,50.34 2 0
github.com/khulnasoft-lab/tunnel-db/pkg/utils/progress.go:53.35,54.21 1 0
github.com/khulnasoft-lab/tunnel-db/pkg/utils/progress.go:54.21,56.3 1 0
github.com/khulnasoft-lab/tunnel-db/pkg/utils/progress.go:57.2,57.22 1 0
github.com/khulnasoft-lab/tunnel-db/pkg/utils/progress.go:59.32,60.21 1 0
github.com/khulnasoft-lab/tunnel-db/pkg/utils/progress.go:60.21,62.3 1 0
github.com/khulnasoft-lab/tunnel-db/pkg/utils/progress.go:63.2,63.19 1 0
github.com/khulnasoft-lab/tunnel-db/pkg/utils/time.go:8.45,10.16 2 0
github.com/khulnasoft-lab/tunnel-db/pkg/utils/time.go:10.16,12.3 1 0
github.com/khulnasoft-lab/tunnel-db/pkg/utils/time.go:14.2,14.11 1 0
github.com/khulnasoft-lab/tunnel-db/pkg/utils/utils.go:9.24,11.16 2 0
github.com/khulnasoft-lab/tunnel-db/pkg/utils/utils.go:11.16,13.3 1 0
github.com/khulnasoft-lab/tunnel-db/pkg/utils/utils.go:14.2,14.43 1 0
github.com/khulnasoft-lab/tunnel-db/pkg/utils/utils.go:17.62,19.33 2 0
github.com/khulnasoft-lab/tunnel-db/pkg/utils/utils.go:19.33,21.3 1 0
github.com/khulnasoft-lab/tunnel-db/pkg/utils/utils.go:22.2,24.19 2 0
github.com/khulnasoft-lab/tunnel-db/pkg/utils/utils.go:24.19,27.3 1 0
github.com/khulnasoft-lab/tunnel-db/pkg/utils/utils.go:28.2,28.15 1 0
github.com/khulnasoft-lab/tunnel-db/pkg/utils/ints/ints.go:5.31,10.27 4 2
github.com/khulnasoft-lab/tunnel-db/pkg/utils/ints/ints.go:10.27,11.27 1 6
github.com/khulnasoft-lab/tunnel-db/pkg/utils/ints/ints.go:11.27,13.4 1 4
github.com/khulnasoft-lab/tunnel-db/pkg/utils/ints/ints.go:14.3,14.12 1 6
github.com/khulnasoft-lab/tunnel-db/pkg/utils/ints/ints.go:17.2,17.12 1 2
github.com/khulnasoft-lab/tunnel-db/pkg/utils/ints/ints.go:20.47,21.27 1 2
github.com/khulnasoft-lab/tunnel-db/pkg/utils/ints/ints.go:21.27,22.28 1 6
github.com/khulnasoft-lab/tunnel-db/pkg/utils/ints/ints.go:22.28,23.16 1 17
github.com/khulnasoft-lab/tunnel-db/pkg/utils/ints/ints.go:23.16,25.5 1 1
github.com/khulnasoft-lab/tunnel-db/pkg/utils/ints/ints.go:29.2,29.14 1 1
github.com/khulnasoft-lab/tunnel-db/pkg/utils/strings/strings.go:8.40,13.28 4 3
github.com/khulnasoft-lab/tunnel-db/pkg/utils/strings/strings.go:13.28,14.18 1 9
github.com/khulnasoft-lab/tunnel-db/pkg/utils/strings/strings.go:14.18,16.4 1 6
github.com/khulnasoft-lab/tunnel-db/pkg/utils/strings/strings.go:17.3,17.13 1 9
github.com/khulnasoft-lab/tunnel-db/pkg/utils/strings/strings.go:20.2,20.12 1 3
github.com/khulnasoft-lab/tunnel-db/pkg/utils/strings/strings.go:23.27,26.2 2 0
github.com/khulnasoft-lab/tunnel-db/pkg/utils/strings/strings.go:28.44,29.25 1 0
github.com/khulnasoft-lab/tunnel-db/pkg/utils/strings/strings.go:29.25,30.13 1 0
github.com/khulnasoft-lab/tunnel-db/pkg/utils/strings/strings.go:30.13,32.4 1 0
github.com/khulnasoft-lab/tunnel-db/pkg/utils/strings/strings.go:34.2,34.14 1 0
github.com/khulnasoft-lab/tunnel-db/pkg/utils/strings/strings.go:37.36,39.36 2 0
github.com/khulnasoft-lab/tunnel-db/pkg/utils/strings/strings.go:39.36,41.3 1 0
github.com/khulnasoft-lab/tunnel-db/pkg/utils/strings/strings.go:43.2,44.22 2 0
github.com/khulnasoft-lab/tunnel-db/pkg/utils/strings/strings.go:44.22,46.3 1 0
github.com/khulnasoft-lab/tunnel-db/pkg/utils/strings/strings.go:47.2,47.15 1 0
github.com/khulnasoft-lab/tunnel-db/pkg/db/advisory.go:12.103,13.61 1 0
github.com/khulnasoft-lab/tunnel-db/pkg/db/advisory.go:13.61,15.3 1 0
github.com/khulnasoft-lab/tunnel-db/pkg/db/advisory.go:16.2,16.12 1 0
github.com/khulnasoft-lab/tunnel-db/pkg/db/advisory.go:19.95,21.2 1 9
github.com/khulnasoft-lab/tunnel-db/pkg/db/advisory.go:23.83,25.16 2 5
github.com/khulnasoft-lab/tunnel-db/pkg/db/advisory.go:25.16,27.3 1 0
github.com/khulnasoft-lab/tunnel-db/pkg/db/advisory.go:28.2,28.26 1 5
github.com/khulnasoft-lab/tunnel-db/pkg/db/advisory.go:28.26,30.3 1 2
github.com/khulnasoft-lab/tunnel-db/pkg/db/advisory.go:32.2,33.36 2 3
github.com/khulnasoft-lab/tunnel-db/pkg/db/advisory.go:33.36,35.61 2 6
github.com/khulnasoft-lab/tunnel-db/pkg/db/advisory.go:35.61,37.4 1 0
github.com/khulnasoft-lab/tunnel-db/pkg/db/advisory.go:39.3,40.39 2 6
github.com/khulnasoft-lab/tunnel-db/pkg/db/advisory.go:40.39,46.4 1 0
github.com/khulnasoft-lab/tunnel-db/pkg/db/advisory.go:48.3,48.38 1 6
github.com/khulnasoft-lab/tunnel-db/pkg/db/advisory.go:50.2,50.21 1 3
github.com/khulnasoft-lab/tunnel-db/pkg/db/advisory_detail.go:14.127,16.65 2 0
github.com/khulnasoft-lab/tunnel-db/pkg/db/advisory_detail.go:16.65,18.3 1 0
github.com/khulnasoft-lab/tunnel-db/pkg/db/advisory_detail.go:19.2,19.12 1 0
github.com/khulnasoft-lab/tunnel-db/pkg/db/advisory_detail.go:23.73,25.17 2 2
github.com/khulnasoft-lab/tunnel-db/pkg/db/advisory_detail.go:25.17,27.3 1 0
github.com/khulnasoft-lab/tunnel-db/pkg/db/advisory_detail.go:29.2,30.22 2 2
github.com/khulnasoft-lab/tunnel-db/pkg/db/advisory_detail.go:30.22,32.3 1 1
github.com/khulnasoft-lab/tunnel-db/pkg/db/advisory_detail.go:34.2,34.78 1 1
github.com/khulnasoft-lab/tunnel-db/pkg/db/advisory_detail.go:34.78,36.3 1 0
github.com/khulnasoft-lab/tunnel-db/pkg/db/advisory_detail.go:38.2,38.12 1 1
github.com/khulnasoft-lab/tunnel-db/pkg/db/advisory_detail.go:42.105,43.16 1 5
github.com/khulnasoft-lab/tunnel-db/pkg/db/advisory_detail.go:43.16,45.3 1 0
github.com/khulnasoft-lab/tunnel-db/pkg/db/advisory_detail.go:47.2,47.45 1 5
github.com/khulnasoft-lab/tunnel-db/pkg/db/advisory_detail.go:47.45,49.15 1 7
github.com/khulnasoft-lab/tunnel-db/pkg/db/advisory_detail.go:49.15,51.78 2 4
github.com/khulnasoft-lab/tunnel-db/pkg/db/advisory_detail.go:51.78,53.5 1 0
github.com/khulnasoft-lab/tunnel-db/pkg/db/advisory_detail.go:54.9,56.53 2 3
github.com/khulnasoft-lab/tunnel-db/pkg/db/advisory_detail.go:56.53,58.5 1 0
github.com/khulnasoft-lab/tunnel-db/pkg/db/advisory_detail.go:61.4,62.60 2 3
github.com/khulnasoft-lab/tunnel-db/pkg/db/advisory_detail.go:62.60,64.5 1 0
github.com/khulnasoft-lab/tunnel-db/pkg/db/advisory_detail.go:67.3,67.13 1 7
github.com/khulnasoft-lab/tunnel-db/pkg/db/advisory_detail.go:69.2,69.16 1 5
github.com/khulnasoft-lab/tunnel-db/pkg/db/advisory_detail.go:69.16,71.3 1 0
github.com/khulnasoft-lab/tunnel-db/pkg/db/advisory_detail.go:73.2,73.12 1 5
github.com/khulnasoft-lab/tunnel-db/pkg/db/advisory_detail.go:76.54,78.2 1 0
github.com/khulnasoft-lab/tunnel-db/pkg/db/data_source.go:16.93,18.16 2 0
github.com/khulnasoft-lab/tunnel-db/pkg/db/data_source.go:18.16,20.3 1 0
github.com/khulnasoft-lab/tunnel-db/pkg/db/data_source.go:21.2,22.16 2 0
github.com/khulnasoft-lab/tunnel-db/pkg/db/data_source.go:22.16,24.3 1 0
github.com/khulnasoft-lab/tunnel-db/pkg/db/data_source.go:26.2,26.39 1 0
github.com/khulnasoft-lab/tunnel-db/pkg/db/data_source.go:29.88,31.19 2 9
github.com/khulnasoft-lab/tunnel-db/pkg/db/data_source.go:31.19,33.3 1 9
github.com/khulnasoft-lab/tunnel-db/pkg/db/data_source.go:35.2,36.14 2 0
github.com/khulnasoft-lab/tunnel-db/pkg/db/data_source.go:36.14,38.3 1 0
github.com/khulnasoft-lab/tunnel-db/pkg/db/data_source.go:40.2,41.51 2 0
github.com/khulnasoft-lab/tunnel-db/pkg/db/data_source.go:41.51,43.3 1 0
github.com/khulnasoft-lab/tunnel-db/pkg/db/data_source.go:45.2,45.20 1 0
github.com/khulnasoft-lab/tunnel-db/pkg/db/db.go:61.40,64.48 3 17
github.com/khulnasoft-lab/tunnel-db/pkg/db/db.go:64.48,66.3 1 0
github.com/khulnasoft-lab/tunnel-db/pkg/db/db.go:70.2,71.15 2 17
github.com/khulnasoft-lab/tunnel-db/pkg/db/db.go:71.15,72.31 1 17
github.com/khulnasoft-lab/tunnel-db/pkg/db/db.go:72.31,73.43 1 1
github.com/khulnasoft-lab/tunnel-db/pkg/db/db.go:73.43,75.5 1 0
github.com/khulnasoft-lab/tunnel-db/pkg/db/db.go:76.4,76.42 1 1
github.com/khulnasoft-lab/tunnel-db/pkg/db/db.go:78.3,78.31 1 17
github.com/khulnasoft-lab/tunnel-db/pkg/db/db.go:81.2,82.16 2 17
github.com/khulnasoft-lab/tunnel-db/pkg/db/db.go:82.16,84.3 1 0
github.com/khulnasoft-lab/tunnel-db/pkg/db/db.go:85.2,85.12 1 16
github.com/khulnasoft-lab/tunnel-db/pkg/db/db.go:88.34,90.2 1 36
github.com/khulnasoft-lab/tunnel-db/pkg/db/db.go:92.35,95.2 2 36
github.com/khulnasoft-lab/tunnel-db/pkg/db/db.go:97.20,99.15 1 16
github.com/khulnasoft-lab/tunnel-db/pkg/db/db.go:99.15,101.3 1 0
github.com/khulnasoft-lab/tunnel-db/pkg/db/db.go:102.2,102.35 1 16
github.com/khulnasoft-lab/tunnel-db/pkg/db/db.go:102.35,104.3 1 0
github.com/khulnasoft-lab/tunnel-db/pkg/db/db.go:105.2,105.12 1 16
github.com/khulnasoft-lab/tunnel-db/pkg/db/db.go:108.41,110.2 1 0
github.com/khulnasoft-lab/tunnel-db/pkg/db/db.go:112.65,114.16 2 2
github.com/khulnasoft-lab/tunnel-db/pkg/db/db.go:114.16,116.3 1 0
github.com/khulnasoft-lab/tunnel-db/pkg/db/db.go:117.2,117.12 1 2
github.com/khulnasoft-lab/tunnel-db/pkg/db/db.go:120.92,121.24 1 3
github.com/khulnasoft-lab/tunnel-db/pkg/db/db.go:121.24,123.3 1 0
github.com/khulnasoft-lab/tunnel-db/pkg/db/db.go:125.2,126.16 2 3
github.com/khulnasoft-lab/tunnel-db/pkg/db/db.go:126.16,128.3 1 0
github.com/khulnasoft-lab/tunnel-db/pkg/db/db.go:130.2,130.39 1 3
github.com/khulnasoft-lab/tunnel-db/pkg/db/db.go:130.39,132.17 2 4
github.com/khulnasoft-lab/tunnel-db/pkg/db/db.go:132.17,134.4 1 0
github.com/khulnasoft-lab/tunnel-db/pkg/db/db.go:136.2,137.16 2 3
github.com/khulnasoft-lab/tunnel-db/pkg/db/db.go:137.16,139.3 1 0
github.com/khulnasoft-lab/tunnel-db/pkg/db/db.go:141.2,141.32 1 3
github.com/khulnasoft-lab/tunnel-db/pkg/db/db.go:144.80,145.40 1 3
github.com/khulnasoft-lab/tunnel-db/pkg/db/db.go:145.40,146.25 1 3
github.com/khulnasoft-lab/tunnel-db/pkg/db/db.go:146.25,148.4 1 0
github.com/khulnasoft-lab/tunnel-db/pkg/db/db.go:150.3,151.17 2 3
github.com/khulnasoft-lab/tunnel-db/pkg/db/db.go:151.17,153.4 1 0
github.com/khulnasoft-lab/tunnel-db/pkg/db/db.go:154.3,154.40 1 3
github.com/khulnasoft-lab/tunnel-db/pkg/db/db.go:154.40,156.18 2 3
github.com/khulnasoft-lab/tunnel-db/pkg/db/db.go:156.18,158.5 1 0
github.com/khulnasoft-lab/tunnel-db/pkg/db/db.go:160.3,166.13 4 3
github.com/khulnasoft-lab/tunnel-db/pkg/db/db.go:168.2,168.16 1 3
github.com/khulnasoft-lab/tunnel-db/pkg/db/db.go:168.16,170.3 1 0
github.com/khulnasoft-lab/tunnel-db/pkg/db/db.go:171.2,171.19 1 3
github.com/khulnasoft-lab/tunnel-db/pkg/db/db.go:179.72,180.23 1 9
github.com/khulnasoft-lab/tunnel-db/pkg/db/db.go:180.23,182.3 1 0
github.com/khulnasoft-lab/tunnel-db/pkg/db/db.go:183.2,186.41 3 9
github.com/khulnasoft-lab/tunnel-db/pkg/db/db.go:186.41,189.41 2 9
github.com/khulnasoft-lab/tunnel-db/pkg/db/db.go:189.41,193.88 3 2
github.com/khulnasoft-lab/tunnel-db/pkg/db/db.go:193.88,195.5 1 4
github.com/khulnasoft-lab/tunnel-db/pkg/db/db.go:196.9,199.4 1 7
github.com/khulnasoft-lab/tunnel-db/pkg/db/db.go:201.3,201.33 1 9
github.com/khulnasoft-lab/tunnel-db/pkg/db/db.go:201.33,203.19 2 11
github.com/khulnasoft-lab/tunnel-db/pkg/db/db.go:203.19,204.13 1 2
github.com/khulnasoft-lab/tunnel-db/pkg/db/db.go:207.4,208.18 2 9
github.com/khulnasoft-lab/tunnel-db/pkg/db/db.go:208.18,210.5 1 0
github.com/khulnasoft-lab/tunnel-db/pkg/db/db.go:212.4,213.44 2 9
github.com/khulnasoft-lab/tunnel-db/pkg/db/db.go:213.44,215.19 2 9
github.com/khulnasoft-lab/tunnel-db/pkg/db/db.go:215.19,216.11 1 2
github.com/khulnasoft-lab/tunnel-db/pkg/db/db.go:219.4,219.18 1 9
github.com/khulnasoft-lab/tunnel-db/pkg/db/db.go:219.18,220.13 1 2
github.com/khulnasoft-lab/tunnel-db/pkg/db/db.go:223.4,223.46 1 7
github.com/khulnasoft-lab/tunnel-db/pkg/db/db.go:223.46,224.20 1 10
github.com/khulnasoft-lab/tunnel-db/pkg/db/db.go:224.20,226.6 1 0
github.com/khulnasoft-lab/tunnel-db/pkg/db/db.go:228.5,235.15 4 10
github.com/khulnasoft-lab/tunnel-db/pkg/db/db.go:237.4,237.18 1 7
github.com/khulnasoft-lab/tunnel-db/pkg/db/db.go:237.18,239.5 1 0
github.com/khulnasoft-lab/tunnel-db/pkg/db/db.go:241.3,241.13 1 9
github.com/khulnasoft-lab/tunnel-db/pkg/db/db.go:243.2,243.16 1 9
github.com/khulnasoft-lab/tunnel-db/pkg/db/db.go:243.16,245.3 1 0
github.com/khulnasoft-lab/tunnel-db/pkg/db/db.go:246.2,246.20 1 9
github.com/khulnasoft-lab/tunnel-db/pkg/db/db.go:249.57,250.43 1 0
github.com/khulnasoft-lab/tunnel-db/pkg/db/db.go:250.43,251.61 1 0
github.com/khulnasoft-lab/tunnel-db/pkg/db/db.go:251.61,253.4 1 0
github.com/khulnasoft-lab/tunnel-db/pkg/db/db.go:254.3,254.13 1 0
github.com/khulnasoft-lab/tunnel-db/pkg/db/mock_operation.go:30.89,32.23 2 0
github.com/khulnasoft-lab/tunnel-db/pkg/db/mock_operation.go:32.23,34.3 1 0
github.com/khulnasoft-lab/tunnel-db/pkg/db/mock_operation.go:34.8,36.3 1 0
github.com/khulnasoft-lab/tunnel-db/pkg/db/mock_operation.go:37.2,37.53 1 0
github.com/khulnasoft-lab/tunnel-db/pkg/db/mock_operation.go:40.103,41.33 1 0
github.com/khulnasoft-lab/tunnel-db/pkg/db/mock_operation.go:41.33,43.3 1 0
github.com/khulnasoft-lab/tunnel-db/pkg/db/mock_operation.go:47.70,51.66 3 0
github.com/khulnasoft-lab/tunnel-db/pkg/db/mock_operation.go:51.66,53.3 1 0
github.com/khulnasoft-lab/tunnel-db/pkg/db/mock_operation.go:53.8,55.3 1 0
github.com/khulnasoft-lab/tunnel-db/pkg/db/mock_operation.go:57.2,57.11 1 0
github.com/khulnasoft-lab/tunnel-db/pkg/db/mock_operation.go:68.119,71.2 2 0
github.com/khulnasoft-lab/tunnel-db/pkg/db/mock_operation.go:73.133,74.33 1 0
github.com/khulnasoft-lab/tunnel-db/pkg/db/mock_operation.go:74.33,76.3 1 0
github.com/khulnasoft-lab/tunnel-db/pkg/db/mock_operation.go:80.61,84.45 3 0
github.com/khulnasoft-lab/tunnel-db/pkg/db/mock_operation.go:84.45,86.3 1 0
github.com/khulnasoft-lab/tunnel-db/pkg/db/mock_operation.go:86.8,88.3 1 0
github.com/khulnasoft-lab/tunnel-db/pkg/db/mock_operation.go:90.2,90.11 1 0
github.com/khulnasoft-lab/tunnel-db/pkg/db/mock_operation.go:101.129,104.2 2 0
github.com/khulnasoft-lab/tunnel-db/pkg/db/mock_operation.go:106.143,107.33 1 0
github.com/khulnasoft-lab/tunnel-db/pkg/db/mock_operation.go:107.33,109.3 1 0
github.com/khulnasoft-lab/tunnel-db/pkg/db/mock_operation.go:113.66,117.45 3 0
github.com/khulnasoft-lab/tunnel-db/pkg/db/mock_operation.go:117.45,119.3 1 0
github.com/khulnasoft-lab/tunnel-db/pkg/db/mock_operation.go:119.8,121.3 1 0
github.com/khulnasoft-lab/tunnel-db/pkg/db/mock_operation.go:123.2,123.11 1 0
github.com/khulnasoft-lab/tunnel-db/pkg/db/mock_operation.go:143.97,145.28 2 0
github.com/khulnasoft-lab/tunnel-db/pkg/db/mock_operation.go:145.28,147.3 1 0
github.com/khulnasoft-lab/tunnel-db/pkg/db/mock_operation.go:147.8,149.3 1 0
github.com/khulnasoft-lab/tunnel-db/pkg/db/mock_operation.go:150.2,150.28 1 0
github.com/khulnasoft-lab/tunnel-db/pkg/db/mock_operation.go:150.28,152.3 1 0
github.com/khulnasoft-lab/tunnel-db/pkg/db/mock_operation.go:152.8,154.3 1 0
github.com/khulnasoft-lab/tunnel-db/pkg/db/mock_operation.go:155.2,155.74 1 0
github.com/khulnasoft-lab/tunnel-db/pkg/db/mock_operation.go:158.111,159.33 1 0
github.com/khulnasoft-lab/tunnel-db/pkg/db/mock_operation.go:159.33,161.3 1 0
github.com/khulnasoft-lab/tunnel-db/pkg/db/mock_operation.go:165.102,169.72 3 0
github.com/khulnasoft-lab/tunnel-db/pkg/db/mock_operation.go:169.72,171.3 1 0
github.com/khulnasoft-lab/tunnel-db/pkg/db/mock_operation.go:171.8,172.24 1 0
github.com/khulnasoft-lab/tunnel-db/pkg/db/mock_operation.go:172.24,174.4 1 0
github.com/khulnasoft-lab/tunnel-db/pkg/db/mock_operation.go:177.2,178.61 2 0
github.com/khulnasoft-lab/tunnel-db/pkg/db/mock_operation.go:178.61,180.3 1 0
github.com/khulnasoft-lab/tunnel-db/pkg/db/mock_operation.go:180.8,182.3 1 0
github.com/khulnasoft-lab/tunnel-db/pkg/db/mock_operation.go:184.2,184.15 1 0
github.com/khulnasoft-lab/tunnel-db/pkg/db/mock_operation.go:201.111,203.23 2 0
github.com/khulnasoft-lab/tunnel-db/pkg/db/mock_operation.go:203.23,205.3 1 0
github.com/khulnasoft-lab/tunnel-db/pkg/db/mock_operation.go:205.8,207.3 1 0
github.com/khulnasoft-lab/tunnel-db/pkg/db/mock_operation.go:208.2,208.64 1 0
github.com/khulnasoft-lab/tunnel-db/pkg/db/mock_operation.go:211.125,212.33 1 0
github.com/khulnasoft-lab/tunnel-db/pkg/db/mock_operation.go:212.33,214.3 1 0
github.com/khulnasoft-lab/tunnel-db/pkg/db/mock_operation.go:218.89,222.74 3 0
github.com/khulnasoft-lab/tunnel-db/pkg/db/mock_operation.go:222.74,224.3 1 0
github.com/khulnasoft-lab/tunnel-db/pkg/db/mock_operation.go:224.8,226.3 1 0
github.com/khulnasoft-lab/tunnel-db/pkg/db/mock_operation.go:228.2,228.11 1 0
github.com/khulnasoft-lab/tunnel-db/pkg/db/mock_operation.go:248.93,250.27 2 0
github.com/khulnasoft-lab/tunnel-db/pkg/db/mock_operation.go:250.27,252.3 1 0
github.com/khulnasoft-lab/tunnel-db/pkg/db/mock_operation.go:252.8,254.3 1 0
github.com/khulnasoft-lab/tunnel-db/pkg/db/mock_operation.go:255.2,255.28 1 0
github.com/khulnasoft-lab/tunnel-db/pkg/db/mock_operation.go:255.28,257.3 1 0
github.com/khulnasoft-lab/tunnel-db/pkg/db/mock_operation.go:257.8,259.3 1 0
github.com/khulnasoft-lab/tunnel-db/pkg/db/mock_operation.go:260.2,260.77 1 0
github.com/khulnasoft-lab/tunnel-db/pkg/db/mock_operation.go:263.107,264.33 1 0
github.com/khulnasoft-lab/tunnel-db/pkg/db/mock_operation.go:264.33,266.3 1 0
github.com/khulnasoft-lab/tunnel-db/pkg/db/mock_operation.go:270.97,274.70 3 0
github.com/khulnasoft-lab/tunnel-db/pkg/db/mock_operation.go:274.70,276.3 1 0
github.com/khulnasoft-lab/tunnel-db/pkg/db/mock_operation.go:276.8,277.24 1 0
github.com/khulnasoft-lab/tunnel-db/pkg/db/mock_operation.go:277.24,279.4 1 0
github.com/khulnasoft-lab/tunnel-db/pkg/db/mock_operation.go:282.2,283.59 2 0
github.com/khulnasoft-lab/tunnel-db/pkg/db/mock_operation.go:283.59,285.3 1 0
github.com/khulnasoft-lab/tunnel-db/pkg/db/mock_operation.go:285.8,287.3 1 0
github.com/khulnasoft-lab/tunnel-db/pkg/db/mock_operation.go:289.2,289.15 1 0
github.com/khulnasoft-lab/tunnel-db/pkg/db/mock_operation.go:307.99,309.36 2 0
github.com/khulnasoft-lab/tunnel-db/pkg/db/mock_operation.go:309.36,311.3 1 0
github.com/khulnasoft-lab/tunnel-db/pkg/db/mock_operation.go:311.8,313.3 1 0
github.com/khulnasoft-lab/tunnel-db/pkg/db/mock_operation.go:314.2,314.83 1 0
github.com/khulnasoft-lab/tunnel-db/pkg/db/mock_operation.go:317.113,318.33 1 0
github.com/khulnasoft-lab/tunnel-db/pkg/db/mock_operation.go:318.33,320.3 1 0
github.com/khulnasoft-lab/tunnel-db/pkg/db/mock_operation.go:324.96,328.65 3 0
github.com/khulnasoft-lab/tunnel-db/pkg/db/mock_operation.go:328.65,330.3 1 0
github.com/khulnasoft-lab/tunnel-db/pkg/db/mock_operation.go:330.8,332.3 1 0
github.com/khulnasoft-lab/tunnel-db/pkg/db/mock_operation.go:334.2,335.51 2 0
github.com/khulnasoft-lab/tunnel-db/pkg/db/mock_operation.go:335.51,337.3 1 0
github.com/khulnasoft-lab/tunnel-db/pkg/db/mock_operation.go:337.8,339.3 1 0
github.com/khulnasoft-lab/tunnel-db/pkg/db/mock_operation.go:341.2,341.15 1 0
github.com/khulnasoft-lab/tunnel-db/pkg/db/mock_operation.go:359.111,361.26 2 0
github.com/khulnasoft-lab/tunnel-db/pkg/db/mock_operation.go:361.26,363.3 1 0
github.com/khulnasoft-lab/tunnel-db/pkg/db/mock_operation.go:363.8,365.3 1 0
github.com/khulnasoft-lab/tunnel-db/pkg/db/mock_operation.go:366.2,366.82 1 0
github.com/khulnasoft-lab/tunnel-db/pkg/db/mock_operation.go:369.125,370.33 1 0
github.com/khulnasoft-lab/tunnel-db/pkg/db/mock_operation.go:370.33,372.3 1 0
github.com/khulnasoft-lab/tunnel-db/pkg/db/mock_operation.go:376.117,380.90 3 0
github.com/khulnasoft-lab/tunnel-db/pkg/db/mock_operation.go:380.90,382.3 1 0
github.com/khulnasoft-lab/tunnel-db/pkg/db/mock_operation.go:382.8,383.24 1 0
github.com/khulnasoft-lab/tunnel-db/pkg/db/mock_operation.go:383.24,385.4 1 0
github.com/khulnasoft-lab/tunnel-db/pkg/db/mock_operation.go:388.2,389.51 2 0
github.com/khulnasoft-lab/tunnel-db/pkg/db/mock_operation.go:389.51,391.3 1 0
github.com/khulnasoft-lab/tunnel-db/pkg/db/mock_operation.go:391.8,393.3 1 0
github.com/khulnasoft-lab/tunnel-db/pkg/db/mock_operation.go:395.2,395.15 1 0
github.com/khulnasoft-lab/tunnel-db/pkg/db/mock_operation.go:420.101,422.23 2 0
github.com/khulnasoft-lab/tunnel-db/pkg/db/mock_operation.go:422.23,424.3 1 0
github.com/khulnasoft-lab/tunnel-db/pkg/db/mock_operation.go:424.8,426.3 1 0
github.com/khulnasoft-lab/tunnel-db/pkg/db/mock_operation.go:427.2,427.36 1 0
github.com/khulnasoft-lab/tunnel-db/pkg/db/mock_operation.go:427.36,429.3 1 0
github.com/khulnasoft-lab/tunnel-db/pkg/db/mock_operation.go:429.8,431.3 1 0
github.com/khulnasoft-lab/tunnel-db/pkg/db/mock_operation.go:432.2,432.28 1 0
github.com/khulnasoft-lab/tunnel-db/pkg/db/mock_operation.go:432.28,434.3 1 0
github.com/khulnasoft-lab/tunnel-db/pkg/db/mock_operation.go:434.8,436.3 1 0
github.com/khulnasoft-lab/tunnel-db/pkg/db/mock_operation.go:437.2,437.35 1 0
github.com/khulnasoft-lab/tunnel-db/pkg/db/mock_operation.go:437.35,439.3 1 0
github.com/khulnasoft-lab/tunnel-db/pkg/db/mock_operation.go:439.8,441.3 1 0
github.com/khulnasoft-lab/tunnel-db/pkg/db/mock_operation.go:442.2,442.29 1 0
github.com/khulnasoft-lab/tunnel-db/pkg/db/mock_operation.go:442.29,444.3 1 0
github.com/khulnasoft-lab/tunnel-db/pkg/db/mock_operation.go:444.8,446.3 1 0
github.com/khulnasoft-lab/tunnel-db/pkg/db/mock_operation.go:447.2,447.59 1 0
github.com/khulnasoft-lab/tunnel-db/pkg/db/mock_operation.go:450.115,451.33 1 0
github.com/khulnasoft-lab/tunnel-db/pkg/db/mock_operation.go:451.33,453.3 1 0
github.com/khulnasoft-lab/tunnel-db/pkg/db/mock_operation.go:457.151,461.93 3 0
github.com/khulnasoft-lab/tunnel-db/pkg/db/mock_operation.go:461.93,463.3 1 0
github.com/khulnasoft-lab/tunnel-db/pkg/db/mock_operation.go:463.8,465.3 1 0
github.com/khulnasoft-lab/tunnel-db/pkg/db/mock_operation.go:467.2,467.11 1 0
github.com/khulnasoft-lab/tunnel-db/pkg/db/mock_operation.go:488.93,490.23 2 0
github.com/khulnasoft-lab/tunnel-db/pkg/db/mock_operation.go:490.23,492.3 1 0
github.com/khulnasoft-lab/tunnel-db/pkg/db/mock_operation.go:492.8,494.3 1 0
github.com/khulnasoft-lab/tunnel-db/pkg/db/mock_operation.go:495.2,495.28 1 0
github.com/khulnasoft-lab/tunnel-db/pkg/db/mock_operation.go:495.28,497.3 1 0
github.com/khulnasoft-lab/tunnel-db/pkg/db/mock_operation.go:497.8,499.3 1 0
github.com/khulnasoft-lab/tunnel-db/pkg/db/mock_operation.go:500.2,500.27 1 0
github.com/khulnasoft-lab/tunnel-db/pkg/db/mock_operation.go:500.27,502.3 1 0
github.com/khulnasoft-lab/tunnel-db/pkg/db/mock_operation.go:502.8,504.3 1 0
github.com/khulnasoft-lab/tunnel-db/pkg/db/mock_operation.go:505.2,505.55 1 0
github.com/khulnasoft-lab/tunnel-db/pkg/db/mock_operation.go:508.107,509.33 1 0
github.com/khulnasoft-lab/tunnel-db/pkg/db/mock_operation.go:509.33,511.3 1 0
github.com/khulnasoft-lab/tunnel-db/pkg/db/mock_operation.go:515.101,519.80 3 0
github.com/khulnasoft-lab/tunnel-db/pkg/db/mock_operation.go:519.80,521.3 1 0
github.com/khulnasoft-lab/tunnel-db/pkg/db/mock_operation.go:521.8,523.3 1 0
github.com/khulnasoft-lab/tunnel-db/pkg/db/mock_operation.go:525.2,525.11 1 0
github.com/khulnasoft-lab/tunnel-db/pkg/db/mock_operation.go:546.93,548.23 2 0
github.com/khulnasoft-lab/tunnel-db/pkg/db/mock_operation.go:548.23,550.3 1 0
github.com/khulnasoft-lab/tunnel-db/pkg/db/mock_operation.go:550.8,552.3 1 0
github.com/khulnasoft-lab/tunnel-db/pkg/db/mock_operation.go:553.2,553.29 1 0
github.com/khulnasoft-lab/tunnel-db/pkg/db/mock_operation.go:553.29,555.3 1 0
github.com/khulnasoft-lab/tunnel-db/pkg/db/mock_operation.go:555.8,557.3 1 0
github.com/khulnasoft-lab/tunnel-db/pkg/db/mock_operation.go:558.2,558.24 1 0
github.com/khulnasoft-lab/tunnel-db/pkg/db/mock_operation.go:558.24,560.3 1 0
github.com/khulnasoft-lab/tunnel-db/pkg/db/mock_operation.go:560.8,562.3 1 0
github.com/khulnasoft-lab/tunnel-db/pkg/db/mock_operation.go:563.2,563.55 1 0
github.com/khulnasoft-lab/tunnel-db/pkg/db/mock_operation.go:566.107,567.33 1 0
github.com/khulnasoft-lab/tunnel-db/pkg/db/mock_operation.go:567.33,569.3 1 0
github.com/khulnasoft-lab/tunnel-db/pkg/db/mock_operation.go:573.86,577.67 3 0
github.com/khulnasoft-lab/tunnel-db/pkg/db/mock_operation.go:577.67,579.3 1 0
github.com/khulnasoft-lab/tunnel-db/pkg/db/mock_operation.go:579.8,581.3 1 0
github.com/khulnasoft-lab/tunnel-db/pkg/db/mock_operation.go:583.2,583.11 1 0
github.com/khulnasoft-lab/tunnel-db/pkg/db/mock_operation.go:604.93,606.23 2 0
github.com/khulnasoft-lab/tunnel-db/pkg/db/mock_operation.go:606.23,608.3 1 0
github.com/khulnasoft-lab/tunnel-db/pkg/db/mock_operation.go:608.8,610.3 1 0
github.com/khulnasoft-lab/tunnel-db/pkg/db/mock_operation.go:611.2,611.24 1 0
github.com/khulnasoft-lab/tunnel-db/pkg/db/mock_operation.go:611.24,613.3 1 0
github.com/khulnasoft-lab/tunnel-db/pkg/db/mock_operation.go:613.8,615.3 1 0
github.com/khulnasoft-lab/tunnel-db/pkg/db/mock_operation.go:616.2,616.31 1 0
github.com/khulnasoft-lab/tunnel-db/pkg/db/mock_operation.go:616.31,618.3 1 0
github.com/khulnasoft-lab/tunnel-db/pkg/db/mock_operation.go:618.8,620.3 1 0
github.com/khulnasoft-lab/tunnel-db/pkg/db/mock_operation.go:621.2,621.55 1 0
github.com/khulnasoft-lab/tunnel-db/pkg/db/mock_operation.go:624.107,625.33 1 0
github.com/khulnasoft-lab/tunnel-db/pkg/db/mock_operation.go:625.33,627.3 1 0
github.com/khulnasoft-lab/tunnel-db/pkg/db/mock_operation.go:631.90,635.69 3 0
github.com/khulnasoft-lab/tunnel-db/pkg/db/mock_operation.go:635.69,637.3 1 0
github.com/khulnasoft-lab/tunnel-db/pkg/db/mock_operation.go:637.8,639.3 1 0
github.com/khulnasoft-lab/tunnel-db/pkg/db/mock_operation.go:641.2,641.11 1 0
github.com/khulnasoft-lab/tunnel-db/pkg/db/mock_operation.go:662.109,664.23 2 0
github.com/khulnasoft-lab/tunnel-db/pkg/db/mock_operation.go:664.23,666.3 1 0
github.com/khulnasoft-lab/tunnel-db/pkg/db/mock_operation.go:666.8,668.3 1 0
github.com/khulnasoft-lab/tunnel-db/pkg/db/mock_operation.go:669.2,669.31 1 0
github.com/khulnasoft-lab/tunnel-db/pkg/db/mock_operation.go:669.31,671.3 1 0
github.com/khulnasoft-lab/tunnel-db/pkg/db/mock_operation.go:671.8,673.3 1 0
github.com/khulnasoft-lab/tunnel-db/pkg/db/mock_operation.go:674.2,674.31 1 0
github.com/khulnasoft-lab/tunnel-db/pkg/db/mock_operation.go:674.31,676.3 1 0
github.com/khulnasoft-lab/tunnel-db/pkg/db/mock_operation.go:676.8,678.3 1 0
github.com/khulnasoft-lab/tunnel-db/pkg/db/mock_operation.go:679.2,679.63 1 0
github.com/khulnasoft-lab/tunnel-db/pkg/db/mock_operation.go:682.123,683.33 1 0
github.com/khulnasoft-lab/tunnel-db/pkg/db/mock_operation.go:683.33,685.3 1 0
github.com/khulnasoft-lab/tunnel-db/pkg/db/mock_operation.go:689.105,693.69 3 0
github.com/khulnasoft-lab/tunnel-db/pkg/db/mock_operation.go:693.69,695.3 1 0
github.com/khulnasoft-lab/tunnel-db/pkg/db/mock_operation.go:695.8,697.3 1 0
github.com/khulnasoft-lab/tunnel-db/pkg/db/mock_operation.go:699.2,699.11 1 0
github.com/khulnasoft-lab/tunnel-db/pkg/db/mock_operation.go:720.99,722.23 2 0
github.com/khulnasoft-lab/tunnel-db/pkg/db/mock_operation.go:722.23,724.3 1 0
github.com/khulnasoft-lab/tunnel-db/pkg/db/mock_operation.go:724.8,726.3 1 0
github.com/khulnasoft-lab/tunnel-db/pkg/db/mock_operation.go:727.2,727.36 1 0
github.com/khulnasoft-lab/tunnel-db/pkg/db/mock_operation.go:727.36,729.3 1 0
github.com/khulnasoft-lab/tunnel-db/pkg/db/mock_operation.go:729.8,731.3 1 0
github.com/khulnasoft-lab/tunnel-db/pkg/db/mock_operation.go:732.2,732.34 1 0
github.com/khulnasoft-lab/tunnel-db/pkg/db/mock_operation.go:732.34,734.3 1 0
github.com/khulnasoft-lab/tunnel-db/pkg/db/mock_operation.go:734.8,736.3 1 0
github.com/khulnasoft-lab/tunnel-db/pkg/db/mock_operation.go:737.2,737.58 1 0
github.com/khulnasoft-lab/tunnel-db/pkg/db/mock_operation.go:740.113,741.33 1 0
github.com/khulnasoft-lab/tunnel-db/pkg/db/mock_operation.go:741.33,743.3 1 0
github.com/khulnasoft-lab/tunnel-db/pkg/db/mock_operation.go:747.122,751.83 3 0
github.com/khulnasoft-lab/tunnel-db/pkg/db/mock_operation.go:751.83,753.3 1 0
github.com/khulnasoft-lab/tunnel-db/pkg/db/mock_operation.go:753.8,755.3 1 0
github.com/khulnasoft-lab/tunnel-db/pkg/db/mock_operation.go:757.2,757.11 1 0
github.com/khulnasoft-lab/tunnel-db/pkg/db/mock_operation.go:780.111,782.23 2 0
github.com/khulnasoft-lab/tunnel-db/pkg/db/mock_operation.go:782.23,784.3 1 0
github.com/khulnasoft-lab/tunnel-db/pkg/db/mock_operation.go:784.8,786.3 1 0
github.com/khulnasoft-lab/tunnel-db/pkg/db/mock_operation.go:787.2,787.36 1 0
github.com/khulnasoft-lab/tunnel-db/pkg/db/mock_operation.go:787.36,789.3 1 0
github.com/khulnasoft-lab/tunnel-db/pkg/db/mock_operation.go:789.8,791.3 1 0
github.com/khulnasoft-lab/tunnel-db/pkg/db/mock_operation.go:792.2,792.27 1 0
github.com/khulnasoft-lab/tunnel-db/pkg/db/mock_operation.go:792.27,794.3 1 0
github.com/khulnasoft-lab/tunnel-db/pkg/db/mock_operation.go:794.8,796.3 1 0
github.com/khulnasoft-lab/tunnel-db/pkg/db/mock_operation.go:797.2,797.34 1 0
github.com/khulnasoft-lab/tunnel-db/pkg/db/mock_operation.go:797.34,799.3 1 0
github.com/khulnasoft-lab/tunnel-db/pkg/db/mock_operation.go:799.8,801.3 1 0
github.com/khulnasoft-lab/tunnel-db/pkg/db/mock_operation.go:802.2,802.64 1 0
github.com/khulnasoft-lab/tunnel-db/pkg/db/mock_operation.go:805.125,806.33 1 0
github.com/khulnasoft-lab/tunnel-db/pkg/db/mock_operation.go:806.33,808.3 1 0
github.com/khulnasoft-lab/tunnel-db/pkg/db/mock_operation.go:812.157,816.105 3 0
github.com/khulnasoft-lab/tunnel-db/pkg/db/mock_operation.go:816.105,818.3 1 0
github.com/khulnasoft-lab/tunnel-db/pkg/db/mock_operation.go:818.8,820.3 1 0
github.com/khulnasoft-lab/tunnel-db/pkg/db/mock_operation.go:822.2,822.11 1 0
github.com/khulnasoft-lab/tunnel-db/pkg/db/mock_operation.go:841.103,843.23 2 0
github.com/khulnasoft-lab/tunnel-db/pkg/db/mock_operation.go:843.23,845.3 1 0
github.com/khulnasoft-lab/tunnel-db/pkg/db/mock_operation.go:845.8,847.3 1 0
github.com/khulnasoft-lab/tunnel-db/pkg/db/mock_operation.go:848.2,848.36 1 0
github.com/khulnasoft-lab/tunnel-db/pkg/db/mock_operation.go:848.36,850.3 1 0
github.com/khulnasoft-lab/tunnel-db/pkg/db/mock_operation.go:850.8,852.3 1 0
github.com/khulnasoft-lab/tunnel-db/pkg/db/mock_operation.go:853.2,853.60 1 0
github.com/khulnasoft-lab/tunnel-db/pkg/db/mock_operation.go:856.117,857.33 1 0
github.com/khulnasoft-lab/tunnel-db/pkg/db/mock_operation.go:857.33,859.3 1 0
github.com/khulnasoft-lab/tunnel-db/pkg/db/mock_operation.go:863.89,867.62 3 0
github.com/khulnasoft-lab/tunnel-db/pkg/db/mock_operation.go:867.62,869.3 1 0
github.com/khulnasoft-lab/tunnel-db/pkg/db/mock_operation.go:869.8,871.3 1 0
github.com/khulnasoft-lab/tunnel-db/pkg/db/mock_operation.go:873.2,873.11 1 0
github.com/khulnasoft-lab/tunnel-db/pkg/db/mock_operation.go:891.97,893.24 2 0
github.com/khulnasoft-lab/tunnel-db/pkg/db/mock_operation.go:893.24,895.3 1 0
github.com/khulnasoft-lab/tunnel-db/pkg/db/mock_operation.go:895.8,897.3 1 0
github.com/khulnasoft-lab/tunnel-db/pkg/db/mock_operation.go:898.2,898.79 1 0
github.com/khulnasoft-lab/tunnel-db/pkg/db/mock_operation.go:901.111,902.33 1 0
github.com/khulnasoft-lab/tunnel-db/pkg/db/mock_operation.go:902.33,904.3 1 0
github.com/khulnasoft-lab/tunnel-db/pkg/db/mock_operation.go:908.69,912.51 3 0
github.com/khulnasoft-lab/tunnel-db/pkg/db/mock_operation.go:912.51,914.3 1 0
github.com/khulnasoft-lab/tunnel-db/pkg/db/mock_operation.go:914.8,915.24 1 0
github.com/khulnasoft-lab/tunnel-db/pkg/db/mock_operation.go:915.24,917.4 1 0
github.com/khulnasoft-lab/tunnel-db/pkg/db/mock_operation.go:920.2,921.51 2 0
github.com/khulnasoft-lab/tunnel-db/pkg/db/mock_operation.go:921.51,923.3 1 0
github.com/khulnasoft-lab/tunnel-db/pkg/db/mock_operation.go:923.8,925.3 1 0
github.com/khulnasoft-lab/tunnel-db/pkg/db/mock_operation.go:927.2,927.15 1 0
github.com/khulnasoft-lab/tunnel-db/pkg/db/mock_operation.go:945.99,947.31 2 0
github.com/khulnasoft-lab/tunnel-db/pkg/db/mock_operation.go:947.31,949.3 1 0
github.com/khulnasoft-lab/tunnel-db/pkg/db/mock_operation.go:949.8,951.3 1 0
github.com/khulnasoft-lab/tunnel-db/pkg/db/mock_operation.go:952.2,952.80 1 0
github.com/khulnasoft-lab/tunnel-db/pkg/db/mock_operation.go:955.113,956.33 1 0
github.com/khulnasoft-lab/tunnel-db/pkg/db/mock_operation.go:956.33,958.3 1 0
github.com/khulnasoft-lab/tunnel-db/pkg/db/mock_operation.go:962.77,966.51 3 0
github.com/khulnasoft-lab/tunnel-db/pkg/db/mock_operation.go:966.51,968.3 1 0
github.com/khulnasoft-lab/tunnel-db/pkg/db/mock_operation.go:968.8,969.24 1 0
github.com/khulnasoft-lab/tunnel-db/pkg/db/mock_operation.go:969.24,971.4 1 0
github.com/khulnasoft-lab/tunnel-db/pkg/db/mock_operation.go:974.2,975.51 2 0
github.com/khulnasoft-lab/tunnel-db/pkg/db/mock_operation.go:975.51,977.3 1 0
github.com/khulnasoft-lab/tunnel-db/pkg/db/mock_operation.go:977.8,979.3 1 0
github.com/khulnasoft-lab/tunnel-db/pkg/db/mock_operation.go:981.2,981.15 1 0
github.com/khulnasoft-lab/tunnel-db/pkg/db/mock_operation.go:1000.105,1002.23 2 0
github.com/khulnasoft-lab/tunnel-db/pkg/db/mock_operation.go:1002.23,1004.3 1 0
github.com/khulnasoft-lab/tunnel-db/pkg/db/mock_operation.go:1004.8,1006.3 1 0
github.com/khulnasoft-lab/tunnel-db/pkg/db/mock_operation.go:1007.2,1007.26 1 0
github.com/khulnasoft-lab/tunnel-db/pkg/db/mock_operation.go:1007.26,1009.3 1 0
github.com/khulnasoft-lab/tunnel-db/pkg/db/mock_operation.go:1009.8,1011.3 1 0
github.com/khulnasoft-lab/tunnel-db/pkg/db/mock_operation.go:1012.2,1012.61 1 0
github.com/khulnasoft-lab/tunnel-db/pkg/db/mock_operation.go:1015.119,1016.33 1 0
github.com/khulnasoft-lab/tunnel-db/pkg/db/mock_operation.go:1016.33,1018.3 1 0
github.com/khulnasoft-lab/tunnel-db/pkg/db/mock_operation.go:1022.80,1026.62 3 0
github.com/khulnasoft-lab/tunnel-db/pkg/db/mock_operation.go:1026.62,1028.3 1 0
github.com/khulnasoft-lab/tunnel-db/pkg/db/mock_operation.go:1028.8,1030.3 1 0
github.com/khulnasoft-lab/tunnel-db/pkg/db/mock_operation.go:1032.2,1032.11 1 0
github.com/khulnasoft-lab/tunnel-db/pkg/db/redhat_cpe.go:20.97,21.109 1 0
github.com/khulnasoft-lab/tunnel-db/pkg/db/redhat_cpe.go:21.109,23.3 1 0
github.com/khulnasoft-lab/tunnel-db/pkg/db/redhat_cpe.go:25.2,25.12 1 0
github.com/khulnasoft-lab/tunnel-db/pkg/db/redhat_cpe.go:28.82,29.101 1 0
github.com/khulnasoft-lab/tunnel-db/pkg/db/redhat_cpe.go:29.101,31.3 1 0
github.com/khulnasoft-lab/tunnel-db/pkg/db/redhat_cpe.go:33.2,33.12 1 0
github.com/khulnasoft-lab/tunnel-db/pkg/db/redhat_cpe.go:36.78,38.96 2 0
github.com/khulnasoft-lab/tunnel-db/pkg/db/redhat_cpe.go:38.96,40.3 1 0
github.com/khulnasoft-lab/tunnel-db/pkg/db/redhat_cpe.go:42.2,42.12 1 0
github.com/khulnasoft-lab/tunnel-db/pkg/db/redhat_cpe.go:45.70,47.2 1 3
github.com/khulnasoft-lab/tunnel-db/pkg/db/redhat_cpe.go:49.69,51.2 1 0
github.com/khulnasoft-lab/tunnel-db/pkg/db/redhat_cpe.go:53.62,55.16 2 3
github.com/khulnasoft-lab/tunnel-db/pkg/db/redhat_cpe.go:55.16,57.3 1 0
github.com/khulnasoft-lab/tunnel-db/pkg/db/redhat_cpe.go:57.8,57.28 1 3
github.com/khulnasoft-lab/tunnel-db/pkg/db/redhat_cpe.go:57.28,59.3 1 1
github.com/khulnasoft-lab/tunnel-db/pkg/db/redhat_cpe.go:61.2,62.52 2 2
github.com/khulnasoft-lab/tunnel-db/pkg/db/redhat_cpe.go:62.52,64.3 1 1
github.com/khulnasoft-lab/tunnel-db/pkg/db/redhat_cpe.go:65.2,65.18 1 1
github.com/khulnasoft-lab/tunnel-db/pkg/db/vulnerability.go:16.95,17.80 1 0
github.com/khulnasoft-lab/tunnel-db/pkg/db/vulnerability.go:17.80,19.3 1 0
github.com/khulnasoft-lab/tunnel-db/pkg/db/vulnerability.go:20.2,20.12 1 0
github.com/khulnasoft-lab/tunnel-db/pkg/db/vulnerability.go:23.88,24.40 1 0
github.com/khulnasoft-lab/tunnel-db/pkg/db/vulnerability.go:24.40,27.19 3 0
github.com/khulnasoft-lab/tunnel-db/pkg/db/vulnerability.go:27.19,29.4 1 0
github.com/khulnasoft-lab/tunnel-db/pkg/db/vulnerability.go:30.3,30.53 1 0
github.com/khulnasoft-lab/tunnel-db/pkg/db/vulnerability.go:30.53,32.4 1 0
github.com/khulnasoft-lab/tunnel-db/pkg/db/vulnerability.go:33.3,33.13 1 0
github.com/khulnasoft-lab/tunnel-db/pkg/db/vulnerability.go:35.2,35.16 1 0
github.com/khulnasoft-lab/tunnel-db/pkg/db/vulnerability.go:35.16,37.3 1 0
github.com/khulnasoft-lab/tunnel-db/pkg/db/vulnerability.go:38.2,38.18 1 0
github.com/khulnasoft-lab/tunnel-db/pkg/db/vulnerability_detail.go:16.130,17.102 1 0
github.com/khulnasoft-lab/tunnel-db/pkg/db/vulnerability_detail.go:17.102,19.3 1 0
github.com/khulnasoft-lab/tunnel-db/pkg/db/vulnerability_detail.go:20.2,20.12 1 0
github.com/khulnasoft-lab/tunnel-db/pkg/db/vulnerability_detail.go:23.110,25.16 2 0
github.com/khulnasoft-lab/tunnel-db/pkg/db/vulnerability_detail.go:25.16,27.3 1 0
github.com/khulnasoft-lab/tunnel-db/pkg/db/vulnerability_detail.go:28.2,28.22 1 0
github.com/khulnasoft-lab/tunnel-db/pkg/db/vulnerability_detail.go:28.22,30.3 1 0
github.com/khulnasoft-lab/tunnel-db/pkg/db/vulnerability_detail.go:32.2,33.36 2 0
github.com/khulnasoft-lab/tunnel-db/pkg/db/vulnerability_detail.go:33.36,35.61 2 0
github.com/khulnasoft-lab/tunnel-db/pkg/db/vulnerability_detail.go:35.61,37.4 1 0
github.com/khulnasoft-lab/tunnel-db/pkg/db/vulnerability_detail.go:38.3,38.39 1 0
github.com/khulnasoft-lab/tunnel-db/pkg/db/vulnerability_detail.go:40.2,40.19 1 0
github.com/khulnasoft-lab/tunnel-db/pkg/db/vulnerability_detail.go:43.59,45.2 1 0
github.com/khulnasoft-lab/tunnel-db/pkg/db/vulnid.go:12.72,14.16 2 0
github.com/khulnasoft-lab/tunnel-db/pkg/db/vulnid.go:14.16,16.3 1 0
github.com/khulnasoft-lab/tunnel-db/pkg/db/vulnid.go:17.2,17.49 1 0
github.com/khulnasoft-lab/tunnel-db/pkg/db/vulnid.go:20.90,21.42 1 0
github.com/khulnasoft-lab/tunnel-db/pkg/db/vulnid.go:21.42,23.20 2 0
github.com/khulnasoft-lab/tunnel-db/pkg/db/vulnid.go:23.20,25.4 1 0
github.com/khulnasoft-lab/tunnel-db/pkg/db/vulnid.go:26.3,26.54 1 0
github.com/khulnasoft-lab/tunnel-db/pkg/db/vulnid.go:26.54,27.48 1 0
github.com/khulnasoft-lab/tunnel-db/pkg/db/vulnid.go:27.48,29.5 1 0
github.com/khulnasoft-lab/tunnel-db/pkg/db/vulnid.go:30.4,30.14 1 0
github.com/khulnasoft-lab/tunnel-db/pkg/db/vulnid.go:32.3,32.17 1 0
github.com/khulnasoft-lab/tunnel-db/pkg/db/vulnid.go:32.17,34.4 1 0
github.com/khulnasoft-lab/tunnel-db/pkg/db/vulnid.go:35.3,35.13 1 0
github.com/khulnasoft-lab/tunnel-db/pkg/db/vulnid.go:37.2,37.12 1 0
github.com/khulnasoft-lab/tunnel-db/pkg/db/vulnid.go:40.55,42.2 1 0
github.com/khulnasoft-lab/tunnel-db/pkg/vulndb/db.go:34.42,35.27 1 3
github.com/khulnasoft-lab/tunnel-db/pkg/vulndb/db.go:35.27,37.3 1 3
github.com/khulnasoft-lab/tunnel-db/pkg/vulndb/db.go:40.67,41.27 1 3
github.com/khulnasoft-lab/tunnel-db/pkg/vulndb/db.go:41.27,43.3 1 3
github.com/khulnasoft-lab/tunnel-db/pkg/vulndb/db.go:46.80,49.32 2 6
github.com/khulnasoft-lab/tunnel-db/pkg/vulndb/db.go:49.32,51.3 1 138
github.com/khulnasoft-lab/tunnel-db/pkg/vulndb/db.go:53.2,64.27 3 6
github.com/khulnasoft-lab/tunnel-db/pkg/vulndb/db.go:64.27,66.3 1 6
github.com/khulnasoft-lab/tunnel-db/pkg/vulndb/db.go:68.2,68.12 1 6
github.com/khulnasoft-lab/tunnel-db/pkg/vulndb/db.go:71.47,73.33 2 6
github.com/khulnasoft-lab/tunnel-db/pkg/vulndb/db.go:73.33,75.10 2 3
github.com/khulnasoft-lab/tunnel-db/pkg/vulndb/db.go:75.10,77.4 1 1
github.com/khulnasoft-lab/tunnel-db/pkg/vulndb/db.go:78.3,80.48 2 2
github.com/khulnasoft-lab/tunnel-db/pkg/vulndb/db.go:80.48,82.4 1 1
github.com/khulnasoft-lab/tunnel-db/pkg/vulndb/db.go:85.2,91.46 2 4
github.com/khulnasoft-lab/tunnel-db/pkg/vulndb/db.go:91.46,93.3 1 0
github.com/khulnasoft-lab/tunnel-db/pkg/vulndb/db.go:95.2,95.12 1 4
github.com/khulnasoft-lab/tunnel-db/pkg/vulndb/db.go:98.46,100.42 1 3
github.com/khulnasoft-lab/tunnel-db/pkg/vulndb/db.go:100.42,102.3 1 0
github.com/khulnasoft-lab/tunnel-db/pkg/vulndb/db.go:105.2,105.37 1 3
github.com/khulnasoft-lab/tunnel-db/pkg/vulndb/db.go:105.37,107.3 1 1
github.com/khulnasoft-lab/tunnel-db/pkg/vulndb/db.go:110.2,110.36 1 2
github.com/khulnasoft-lab/tunnel-db/pkg/vulndb/db.go:110.36,112.3 1 1
github.com/khulnasoft-lab/tunnel-db/pkg/vulndb/db.go:114.2,114.12 1 1
github.com/khulnasoft-lab/tunnel-db/pkg/vulndb/db.go:117.63,118.33 1 3
github.com/khulnasoft-lab/tunnel-db/pkg/vulndb/db.go:118.33,119.35 1 3
github.com/khulnasoft-lab/tunnel-db/pkg/vulndb/db.go:119.35,121.4 1 2
github.com/khulnasoft-lab/tunnel-db/pkg/vulndb/db.go:123.2,123.19 1 1
github.com/khulnasoft-lab/tunnel-db/pkg/vulndb/db.go:126.33,130.76 1 3
github.com/khulnasoft-lab/tunnel-db/pkg/vulndb/db.go:130.76,132.39 2 6
github.com/khulnasoft-lab/tunnel-db/pkg/vulndb/db.go:132.39,134.4 1 2
github.com/khulnasoft-lab/tunnel-db/pkg/vulndb/db.go:136.3,136.62 1 4
github.com/khulnasoft-lab/tunnel-db/pkg/vulndb/db.go:136.62,138.4 1 2
github.com/khulnasoft-lab/tunnel-db/pkg/vulndb/db.go:140.3,140.24 1 2
github.com/khulnasoft-lab/tunnel-db/pkg/vulndb/db.go:140.24,142.4 1 0
github.com/khulnasoft-lab/tunnel-db/pkg/vulndb/db.go:144.3,145.65 2 2
github.com/khulnasoft-lab/tunnel-db/pkg/vulndb/db.go:145.65,147.4 1 0
github.com/khulnasoft-lab/tunnel-db/pkg/vulndb/db.go:149.3,149.13 1 2
github.com/khulnasoft-lab/tunnel-db/pkg/vulndb/db.go:152.2,152.16 1 3
github.com/khulnasoft-lab/tunnel-db/pkg/vulndb/db.go:152.16,154.3 1 1
github.com/khulnasoft-lab/tunnel-db/pkg/vulndb/db.go:156.2,156.12 1 2
github.com/khulnasoft-lab/tunnel-db/pkg/vulndb/db.go:159.32,160.60 1 2
github.com/khulnasoft-lab/tunnel-db/pkg/vulndb/db.go:160.60,162.3 1 0
github.com/khulnasoft-lab/tunnel-db/pkg/vulndb/db.go:164.2,164.64 1 2
github.com/khulnasoft-lab/tunnel-db/pkg/vulndb/db.go:164.64,166.3 1 0
github.com/khulnasoft-lab/tunnel-db/pkg/vulndb/db.go:168.2,168.59 1 2
github.com/khulnasoft-lab/tunnel-db/pkg/vulndb/db.go:168.59,170.3 1 1
github.com/khulnasoft-lab/tunnel-db/pkg/vulndb/db.go:172.2,172.12 1 1
github.com/khulnasoft-lab/tunnel-db/pkg/vulndb/mock_vuln_db.go:26.71,28.28 2 0
github.com/khulnasoft-lab/tunnel-db/pkg/vulndb/mock_vuln_db.go:28.28,30.3 1 0
github.com/khulnasoft-lab/tunnel-db/pkg/vulndb/mock_vuln_db.go:30.8,32.3 1 0
github.com/khulnasoft-lab/tunnel-db/pkg/vulndb/mock_vuln_db.go:33.2,33.47 1 0
github.com/khulnasoft-lab/tunnel-db/pkg/vulndb/mock_vuln_db.go:36.85,37.33 1 0
github.com/khulnasoft-lab/tunnel-db/pkg/vulndb/mock_vuln_db.go:37.33,39.3 1 0
github.com/khulnasoft-lab/tunnel-db/pkg/vulndb/mock_vuln_db.go:43.53,47.53 3 0
github.com/khulnasoft-lab/tunnel-db/pkg/vulndb/mock_vuln_db.go:47.53,49.3 1 0
github.com/khulnasoft-lab/tunnel-db/pkg/vulndb/mock_vuln_db.go:49.8,51.3 1 0
github.com/khulnasoft-lab/tunnel-db/pkg/vulndb/mock_vuln_db.go:53.2,53.11 1 0
github.com/khulnasoft-lab/tunnel-db/pkg/vulnsrc/alma/alma.go:58.28,62.2 1 3
github.com/khulnasoft-lab/tunnel-db/pkg/vulnsrc/alma/alma.go:64.42,66.2 1 0
github.com/khulnasoft-lab/tunnel-db/pkg/vulnsrc/alma/alma.go:68.45,71.16 3 3
github.com/khulnasoft-lab/tunnel-db/pkg/vulnsrc/alma/alma.go:71.16,73.3 1 1
github.com/khulnasoft-lab/tunnel-db/pkg/vulnsrc/alma/alma.go:74.2,74.38 1 2
github.com/khulnasoft-lab/tunnel-db/pkg/vulnsrc/alma/alma.go:74.38,76.3 1 0
github.com/khulnasoft-lab/tunnel-db/pkg/vulnsrc/alma/alma.go:78.2,78.12 1 2
github.com/khulnasoft-lab/tunnel-db/pkg/vulnsrc/alma/alma.go:82.72,84.70 2 3
github.com/khulnasoft-lab/tunnel-db/pkg/vulnsrc/alma/alma.go:84.70,86.61 2 3
github.com/khulnasoft-lab/tunnel-db/pkg/vulnsrc/alma/alma.go:86.61,88.4 1 1
github.com/khulnasoft-lab/tunnel-db/pkg/vulnsrc/alma/alma.go:90.3,91.20 2 2
github.com/khulnasoft-lab/tunnel-db/pkg/vulnsrc/alma/alma.go:91.20,94.4 2 0
github.com/khulnasoft-lab/tunnel-db/pkg/vulnsrc/alma/alma.go:96.3,98.13 3 2
github.com/khulnasoft-lab/tunnel-db/pkg/vulnsrc/alma/alma.go:100.2,100.16 1 3
github.com/khulnasoft-lab/tunnel-db/pkg/vulnsrc/alma/alma.go:100.16,102.3 1 1
github.com/khulnasoft-lab/tunnel-db/pkg/vulnsrc/alma/alma.go:104.2,104.20 1 2
github.com/khulnasoft-lab/tunnel-db/pkg/vulnsrc/alma/alma.go:107.62,108.48 1 2
github.com/khulnasoft-lab/tunnel-db/pkg/vulnsrc/alma/alma.go:108.48,109.43 1 2
github.com/khulnasoft-lab/tunnel-db/pkg/vulnsrc/alma/alma.go:109.43,111.69 2 2
github.com/khulnasoft-lab/tunnel-db/pkg/vulnsrc/alma/alma.go:111.69,113.5 1 0
github.com/khulnasoft-lab/tunnel-db/pkg/vulnsrc/alma/alma.go:115.4,115.62 1 2
github.com/khulnasoft-lab/tunnel-db/pkg/vulnsrc/alma/alma.go:115.62,117.5 1 0
github.com/khulnasoft-lab/tunnel-db/pkg/vulnsrc/alma/alma.go:119.3,119.13 1 2
github.com/khulnasoft-lab/tunnel-db/pkg/vulnsrc/alma/alma.go:121.2,121.16 1 2
github.com/khulnasoft-lab/tunnel-db/pkg/vulnsrc/alma/alma.go:121.16,123.3 1 0
github.com/khulnasoft-lab/tunnel-db/pkg/vulnsrc/alma/alma.go:124.2,124.12 1 2
github.com/khulnasoft-lab/tunnel-db/pkg/vulnsrc/alma/alma.go:127.85,128.33 1 2
github.com/khulnasoft-lab/tunnel-db/pkg/vulnsrc/alma/alma.go:128.33,130.42 2 2
github.com/khulnasoft-lab/tunnel-db/pkg/vulnsrc/alma/alma.go:130.42,131.25 1 3
github.com/khulnasoft-lab/tunnel-db/pkg/vulnsrc/alma/alma.go:131.25,133.5 1 0
github.com/khulnasoft-lab/tunnel-db/pkg/vulnsrc/alma/alma.go:136.3,136.42 1 2
github.com/khulnasoft-lab/tunnel-db/pkg/vulnsrc/alma/alma.go:136.42,137.25 1 3
github.com/khulnasoft-lab/tunnel-db/pkg/vulnsrc/alma/alma.go:137.25,138.13 1 0
github.com/khulnasoft-lab/tunnel-db/pkg/vulnsrc/alma/alma.go:143.4,146.49 3 3
github.com/khulnasoft-lab/tunnel-db/pkg/vulnsrc/alma/alma.go:146.49,147.53 1 8
github.com/khulnasoft-lab/tunnel-db/pkg/vulnsrc/alma/alma.go:147.53,148.14 1 0
github.com/khulnasoft-lab/tunnel-db/pkg/vulnsrc/alma/alma.go:151.5,152.81 2 8
github.com/khulnasoft-lab/tunnel-db/pkg/vulnsrc/alma/alma.go:152.81,154.6 1 8
github.com/khulnasoft-lab/tunnel-db/pkg/vulnsrc/alma/alma.go:156.5,160.43 2 8
github.com/khulnasoft-lab/tunnel-db/pkg/vulnsrc/alma/alma.go:160.43,161.98 1 2
github.com/khulnasoft-lab/tunnel-db/pkg/vulnsrc/alma/alma.go:161.98,163.7 1 2
github.com/khulnasoft-lab/tunnel-db/pkg/vulnsrc/alma/alma.go:164.11,166.6 1 6
github.com/khulnasoft-lab/tunnel-db/pkg/vulnsrc/alma/alma.go:169.4,183.18 3 3
github.com/khulnasoft-lab/tunnel-db/pkg/vulnsrc/alma/alma.go:183.18,185.5 1 0
github.com/khulnasoft-lab/tunnel-db/pkg/vulnsrc/alma/alma.go:188.2,188.12 1 2
github.com/khulnasoft-lab/tunnel-db/pkg/vulnsrc/alma/alma.go:191.55,192.89 1 3
github.com/khulnasoft-lab/tunnel-db/pkg/vulnsrc/alma/alma.go:192.89,194.3 1 0
github.com/khulnasoft-lab/tunnel-db/pkg/vulnsrc/alma/alma.go:197.2,197.62 1 3
github.com/khulnasoft-lab/tunnel-db/pkg/vulnsrc/alma/alma.go:197.62,199.3 1 0
github.com/khulnasoft-lab/tunnel-db/pkg/vulnsrc/alma/alma.go:201.2,201.50 1 3
github.com/khulnasoft-lab/tunnel-db/pkg/vulnsrc/alma/alma.go:201.50,202.111 1 6
github.com/khulnasoft-lab/tunnel-db/pkg/vulnsrc/alma/alma.go:202.111,204.4 1 0
github.com/khulnasoft-lab/tunnel-db/pkg/vulnsrc/alma/alma.go:206.2,206.12 1 3
github.com/khulnasoft-lab/tunnel-db/pkg/vulnsrc/alma/alma.go:209.71,212.16 3 0
github.com/khulnasoft-lab/tunnel-db/pkg/vulnsrc/alma/alma.go:212.16,214.3 1 0
github.com/khulnasoft-lab/tunnel-db/pkg/vulnsrc/alma/alma.go:215.2,215.24 1 0
github.com/khulnasoft-lab/tunnel-db/pkg/vulnsrc/alma/alma.go:218.57,219.35 1 3
github.com/khulnasoft-lab/tunnel-db/pkg/vulnsrc/alma/alma.go:220.13,221.27 1 0
github.com/khulnasoft-lab/tunnel-db/pkg/vulnsrc/alma/alma.go:222.18,223.30 1 2
github.com/khulnasoft-lab/tunnel-db/pkg/vulnsrc/alma/alma.go:224.19,225.28 1 1
github.com/khulnasoft-lab/tunnel-db/pkg/vulnsrc/alma/alma.go:226.18,227.32 1 0
github.com/khulnasoft-lab/tunnel-db/pkg/vulnsrc/alma/alma.go:229.2,229.30 1 0
github.com/khulnasoft-lab/tunnel-db/pkg/vulnsrc/alma/mock_db.go:32.75,34.23 2 0
github.com/khulnasoft-lab/tunnel-db/pkg/vulnsrc/alma/mock_db.go:34.23,36.3 1 0
github.com/khulnasoft-lab/tunnel-db/pkg/vulnsrc/alma/mock_db.go:36.8,38.3 1 0
github.com/khulnasoft-lab/tunnel-db/pkg/vulnsrc/alma/mock_db.go:39.2,39.53 1 0
github.com/khulnasoft-lab/tunnel-db/pkg/vulnsrc/alma/mock_db.go:42.89,43.33 1 0
github.com/khulnasoft-lab/tunnel-db/pkg/vulnsrc/alma/mock_db.go:43.33,45.3 1 0
github.com/khulnasoft-lab/tunnel-db/pkg/vulnsrc/alma/mock_db.go:49.63,53.66 3 0
github.com/khulnasoft-lab/tunnel-db/pkg/vulnsrc/alma/mock_db.go:53.66,55.3 1 0
github.com/khulnasoft-lab/tunnel-db/pkg/vulnsrc/alma/mock_db.go:55.8,57.3 1 0
github.com/khulnasoft-lab/tunnel-db/pkg/vulnsrc/alma/mock_db.go:59.2,59.11 1 0
github.com/khulnasoft-lab/tunnel-db/pkg/vulnsrc/alma/mock_db.go:70.105,73.2 2 0
github.com/khulnasoft-lab/tunnel-db/pkg/vulnsrc/alma/mock_db.go:75.119,76.33 1 0
github.com/khulnasoft-lab/tunnel-db/pkg/vulnsrc/alma/mock_db.go:76.33,78.3 1 0
github.com/khulnasoft-lab/tunnel-db/pkg/vulnsrc/alma/mock_db.go:82.54,86.45 3 0
github.com/khulnasoft-lab/tunnel-db/pkg/vulnsrc/alma/mock_db.go:86.45,88.3 1 0
github.com/khulnasoft-lab/tunnel-db/pkg/vulnsrc/alma/mock_db.go:88.8,90.3 1 0
github.com/khulnasoft-lab/tunnel-db/pkg/vulnsrc/alma/mock_db.go:92.2,92.11 1 0
github.com/khulnasoft-lab/tunnel-db/pkg/vulnsrc/alma/mock_db.go:103.115,106.2 2 0
github.com/khulnasoft-lab/tunnel-db/pkg/vulnsrc/alma/mock_db.go:108.129,109.33 1 0
github.com/khulnasoft-lab/tunnel-db/pkg/vulnsrc/alma/mock_db.go:109.33,111.3 1 0
github.com/khulnasoft-lab/tunnel-db/pkg/vulnsrc/alma/mock_db.go:115.59,119.45 3 0
github.com/khulnasoft-lab/tunnel-db/pkg/vulnsrc/alma/mock_db.go:119.45,121.3 1 0
github.com/khulnasoft-lab/tunnel-db/pkg/vulnsrc/alma/mock_db.go:121.8,123.3 1 0
github.com/khulnasoft-lab/tunnel-db/pkg/vulnsrc/alma/mock_db.go:125.2,125.11 1 0
github.com/khulnasoft-lab/tunnel-db/pkg/vulnsrc/alma/mock_db.go:145.83,147.28 2 0
github.com/khulnasoft-lab/tunnel-db/pkg/vulnsrc/alma/mock_db.go:147.28,149.3 1 0
github.com/khulnasoft-lab/tunnel-db/pkg/vulnsrc/alma/mock_db.go:149.8,151.3 1 0
github.com/khulnasoft-lab/tunnel-db/pkg/vulnsrc/alma/mock_db.go:152.2,152.28 1 0
github.com/khulnasoft-lab/tunnel-db/pkg/vulnsrc/alma/mock_db.go:152.28,154.3 1 0
github.com/khulnasoft-lab/tunnel-db/pkg/vulnsrc/alma/mock_db.go:154.8,156.3 1 0
github.com/khulnasoft-lab/tunnel-db/pkg/vulnsrc/alma/mock_db.go:157.2,157.74 1 0
github.com/khulnasoft-lab/tunnel-db/pkg/vulnsrc/alma/mock_db.go:160.97,161.33 1 0
github.com/khulnasoft-lab/tunnel-db/pkg/vulnsrc/alma/mock_db.go:161.33,163.3 1 0
github.com/khulnasoft-lab/tunnel-db/pkg/vulnsrc/alma/mock_db.go:167.98,171.75 3 0
github.com/khulnasoft-lab/tunnel-db/pkg/vulnsrc/alma/mock_db.go:171.75,173.3 1 0
github.com/khulnasoft-lab/tunnel-db/pkg/vulnsrc/alma/mock_db.go:173.8,174.24 1 0
github.com/khulnasoft-lab/tunnel-db/pkg/vulnsrc/alma/mock_db.go:174.24,176.4 1 0
github.com/khulnasoft-lab/tunnel-db/pkg/vulnsrc/alma/mock_db.go:179.2,180.61 2 0
github.com/khulnasoft-lab/tunnel-db/pkg/vulnsrc/alma/mock_db.go:180.61,182.3 1 0
github.com/khulnasoft-lab/tunnel-db/pkg/vulnsrc/alma/mock_db.go:182.8,184.3 1 0
github.com/khulnasoft-lab/tunnel-db/pkg/vulnsrc/alma/mock_db.go:186.2,186.15 1 0
github.com/khulnasoft-lab/tunnel-db/pkg/vulnsrc/alma/mock_db.go:203.97,205.23 2 0
github.com/khulnasoft-lab/tunnel-db/pkg/vulnsrc/alma/mock_db.go:205.23,207.3 1 0
github.com/khulnasoft-lab/tunnel-db/pkg/vulnsrc/alma/mock_db.go:207.8,209.3 1 0
github.com/khulnasoft-lab/tunnel-db/pkg/vulnsrc/alma/mock_db.go:210.2,210.64 1 0
github.com/khulnasoft-lab/tunnel-db/pkg/vulnsrc/alma/mock_db.go:213.111,214.33 1 0
github.com/khulnasoft-lab/tunnel-db/pkg/vulnsrc/alma/mock_db.go:214.33,216.3 1 0
github.com/khulnasoft-lab/tunnel-db/pkg/vulnsrc/alma/mock_db.go:220.82,224.74 3 0
github.com/khulnasoft-lab/tunnel-db/pkg/vulnsrc/alma/mock_db.go:224.74,226.3 1 0
github.com/khulnasoft-lab/tunnel-db/pkg/vulnsrc/alma/mock_db.go:226.8,228.3 1 0
github.com/khulnasoft-lab/tunnel-db/pkg/vulnsrc/alma/mock_db.go:230.2,230.11 1 0
github.com/khulnasoft-lab/tunnel-db/pkg/vulnsrc/alma/mock_db.go:250.59,252.28 2 0
github.com/khulnasoft-lab/tunnel-db/pkg/vulnsrc/alma/mock_db.go:252.28,254.3 1 0
github.com/khulnasoft-lab/tunnel-db/pkg/vulnsrc/alma/mock_db.go:254.8,256.3 1 0
github.com/khulnasoft-lab/tunnel-db/pkg/vulnsrc/alma/mock_db.go:257.2,257.28 1 0
github.com/khulnasoft-lab/tunnel-db/pkg/vulnsrc/alma/mock_db.go:257.28,259.3 1 0
github.com/khulnasoft-lab/tunnel-db/pkg/vulnsrc/alma/mock_db.go:259.8,261.3 1 0
github.com/khulnasoft-lab/tunnel-db/pkg/vulnsrc/alma/mock_db.go:262.2,262.60 1 0
github.com/khulnasoft-lab/tunnel-db/pkg/vulnsrc/alma/mock_db.go:265.73,266.33 1 0
github.com/khulnasoft-lab/tunnel-db/pkg/vulnsrc/alma/mock_db.go:266.33,268.3 1 0
github.com/khulnasoft-lab/tunnel-db/pkg/vulnsrc/alma/mock_db.go:272.81,276.70 3 0
github.com/khulnasoft-lab/tunnel-db/pkg/vulnsrc/alma/mock_db.go:276.70,278.3 1 0
github.com/khulnasoft-lab/tunnel-db/pkg/vulnsrc/alma/mock_db.go:278.8,279.24 1 0
github.com/khulnasoft-lab/tunnel-db/pkg/vulnsrc/alma/mock_db.go:279.24,281.4 1 0
github.com/khulnasoft-lab/tunnel-db/pkg/vulnsrc/alma/mock_db.go:284.2,285.59 2 0
github.com/khulnasoft-lab/tunnel-db/pkg/vulnsrc/alma/mock_db.go:285.59,287.3 1 0
github.com/khulnasoft-lab/tunnel-db/pkg/vulnsrc/alma/mock_db.go:287.8,289.3 1 0
github.com/khulnasoft-lab/tunnel-db/pkg/vulnsrc/alma/mock_db.go:291.2,291.15 1 0
github.com/khulnasoft-lab/tunnel-db/pkg/vulnsrc/alma/mock_db.go:311.79,313.27 2 0
github.com/khulnasoft-lab/tunnel-db/pkg/vulnsrc/alma/mock_db.go:313.27,315.3 1 0
github.com/khulnasoft-lab/tunnel-db/pkg/vulnsrc/alma/mock_db.go:315.8,317.3 1 0
github.com/khulnasoft-lab/tunnel-db/pkg/vulnsrc/alma/mock_db.go:318.2,318.28 1 0
github.com/khulnasoft-lab/tunnel-db/pkg/vulnsrc/alma/mock_db.go:318.28,320.3 1 0
github.com/khulnasoft-lab/tunnel-db/pkg/vulnsrc/alma/mock_db.go:320.8,322.3 1 0
github.com/khulnasoft-lab/tunnel-db/pkg/vulnsrc/alma/mock_db.go:323.2,323.77 1 0
github.com/khulnasoft-lab/tunnel-db/pkg/vulnsrc/alma/mock_db.go:326.93,327.33 1 0
github.com/khulnasoft-lab/tunnel-db/pkg/vulnsrc/alma/mock_db.go:327.33,329.3 1 0
github.com/khulnasoft-lab/tunnel-db/pkg/vulnsrc/alma/mock_db.go:333.90,337.70 3 0
github.com/khulnasoft-lab/tunnel-db/pkg/vulnsrc/alma/mock_db.go:337.70,339.3 1 0
github.com/khulnasoft-lab/tunnel-db/pkg/vulnsrc/alma/mock_db.go:339.8,340.24 1 0
github.com/khulnasoft-lab/tunnel-db/pkg/vulnsrc/alma/mock_db.go:340.24,342.4 1 0
github.com/khulnasoft-lab/tunnel-db/pkg/vulnsrc/alma/mock_db.go:345.2,346.59 2 0
github.com/khulnasoft-lab/tunnel-db/pkg/vulnsrc/alma/mock_db.go:346.59,348.3 1 0
github.com/khulnasoft-lab/tunnel-db/pkg/vulnsrc/alma/mock_db.go:348.8,350.3 1 0
github.com/khulnasoft-lab/tunnel-db/pkg/vulnsrc/alma/mock_db.go:352.2,352.15 1 0
github.com/khulnasoft-lab/tunnel-db/pkg/vulnsrc/alma/mock_db.go:370.85,372.36 2 0
github.com/khulnasoft-lab/tunnel-db/pkg/vulnsrc/alma/mock_db.go:372.36,374.3 1 0
github.com/khulnasoft-lab/tunnel-db/pkg/vulnsrc/alma/mock_db.go:374.8,376.3 1 0
github.com/khulnasoft-lab/tunnel-db/pkg/vulnsrc/alma/mock_db.go:377.2,377.83 1 0
github.com/khulnasoft-lab/tunnel-db/pkg/vulnsrc/alma/mock_db.go:380.99,381.33 1 0
github.com/khulnasoft-lab/tunnel-db/pkg/vulnsrc/alma/mock_db.go:381.33,383.3 1 0
github.com/khulnasoft-lab/tunnel-db/pkg/vulnsrc/alma/mock_db.go:387.89,391.65 3 0
github.com/khulnasoft-lab/tunnel-db/pkg/vulnsrc/alma/mock_db.go:391.65,393.3 1 0
github.com/khulnasoft-lab/tunnel-db/pkg/vulnsrc/alma/mock_db.go:393.8,395.3 1 0
github.com/khulnasoft-lab/tunnel-db/pkg/vulnsrc/alma/mock_db.go:397.2,398.51 2 0
github.com/khulnasoft-lab/tunnel-db/pkg/vulnsrc/alma/mock_db.go:398.51,400.3 1 0
github.com/khulnasoft-lab/tunnel-db/pkg/vulnsrc/alma/mock_db.go:400.8,402.3 1 0
github.com/khulnasoft-lab/tunnel-db/pkg/vulnsrc/alma/mock_db.go:404.2,404.15 1 0
github.com/khulnasoft-lab/tunnel-db/pkg/vulnsrc/alma/mock_db.go:422.97,424.26 2 0
github.com/khulnasoft-lab/tunnel-db/pkg/vulnsrc/alma/mock_db.go:424.26,426.3 1 0
github.com/khulnasoft-lab/tunnel-db/pkg/vulnsrc/alma/mock_db.go:426.8,428.3 1 0
github.com/khulnasoft-lab/tunnel-db/pkg/vulnsrc/alma/mock_db.go:429.2,429.82 1 0
github.com/khulnasoft-lab/tunnel-db/pkg/vulnsrc/alma/mock_db.go:432.111,433.33 1 0
github.com/khulnasoft-lab/tunnel-db/pkg/vulnsrc/alma/mock_db.go:433.33,435.3 1 0
github.com/khulnasoft-lab/tunnel-db/pkg/vulnsrc/alma/mock_db.go:439.110,443.90 3 0
github.com/khulnasoft-lab/tunnel-db/pkg/vulnsrc/alma/mock_db.go:443.90,445.3 1 0
github.com/khulnasoft-lab/tunnel-db/pkg/vulnsrc/alma/mock_db.go:445.8,446.24 1 0
github.com/khulnasoft-lab/tunnel-db/pkg/vulnsrc/alma/mock_db.go:446.24,448.4 1 0
github.com/khulnasoft-lab/tunnel-db/pkg/vulnsrc/alma/mock_db.go:451.2,452.51 2 0
github.com/khulnasoft-lab/tunnel-db/pkg/vulnsrc/alma/mock_db.go:452.51,454.3 1 0
github.com/khulnasoft-lab/tunnel-db/pkg/vulnsrc/alma/mock_db.go:454.8,456.3 1 0
github.com/khulnasoft-lab/tunnel-db/pkg/vulnsrc/alma/mock_db.go:458.2,458.15 1 0
github.com/khulnasoft-lab/tunnel-db/pkg/vulnsrc/alma/mock_db.go:477.59,479.24 2 0
github.com/khulnasoft-lab/tunnel-db/pkg/vulnsrc/alma/mock_db.go:479.24,481.3 1 0
github.com/khulnasoft-lab/tunnel-db/pkg/vulnsrc/alma/mock_db.go:481.8,483.3 1 0
github.com/khulnasoft-lab/tunnel-db/pkg/vulnsrc/alma/mock_db.go:484.2,484.24 1 0
github.com/khulnasoft-lab/tunnel-db/pkg/vulnsrc/alma/mock_db.go:484.24,486.3 1 0
github.com/khulnasoft-lab/tunnel-db/pkg/vulnsrc/alma/mock_db.go:486.8,488.3 1 0
github.com/khulnasoft-lab/tunnel-db/pkg/vulnsrc/alma/mock_db.go:489.2,489.45 1 0
github.com/khulnasoft-lab/tunnel-db/pkg/vulnsrc/alma/mock_db.go:492.73,493.33 1 0
github.com/khulnasoft-lab/tunnel-db/pkg/vulnsrc/alma/mock_db.go:493.33,495.3 1 0
github.com/khulnasoft-lab/tunnel-db/pkg/vulnsrc/alma/mock_db.go:499.58,503.64 3 0
github.com/khulnasoft-lab/tunnel-db/pkg/vulnsrc/alma/mock_db.go:503.64,505.3 1 0
github.com/khulnasoft-lab/tunnel-db/pkg/vulnsrc/alma/mock_db.go:505.8,507.3 1 0
github.com/khulnasoft-lab/tunnel-db/pkg/vulnsrc/alma/mock_db.go:509.2,509.11 1 0
github.com/khulnasoft-lab/tunnel-db/pkg/vulnsrc/alma/mock_db.go:534.87,536.23 2 0
github.com/khulnasoft-lab/tunnel-db/pkg/vulnsrc/alma/mock_db.go:536.23,538.3 1 0
github.com/khulnasoft-lab/tunnel-db/pkg/vulnsrc/alma/mock_db.go:538.8,540.3 1 0
github.com/khulnasoft-lab/tunnel-db/pkg/vulnsrc/alma/mock_db.go:541.2,541.36 1 0
github.com/khulnasoft-lab/tunnel-db/pkg/vulnsrc/alma/mock_db.go:541.36,543.3 1 0
github.com/khulnasoft-lab/tunnel-db/pkg/vulnsrc/alma/mock_db.go:543.8,545.3 1 0
github.com/khulnasoft-lab/tunnel-db/pkg/vulnsrc/alma/mock_db.go:546.2,546.28 1 0
github.com/khulnasoft-lab/tunnel-db/pkg/vulnsrc/alma/mock_db.go:546.28,548.3 1 0
github.com/khulnasoft-lab/tunnel-db/pkg/vulnsrc/alma/mock_db.go:548.8,550.3 1 0
github.com/khulnasoft-lab/tunnel-db/pkg/vulnsrc/alma/mock_db.go:551.2,551.35 1 0
github.com/khulnasoft-lab/tunnel-db/pkg/vulnsrc/alma/mock_db.go:551.35,553.3 1 0
github.com/khulnasoft-lab/tunnel-db/pkg/vulnsrc/alma/mock_db.go:553.8,555.3 1 0
github.com/khulnasoft-lab/tunnel-db/pkg/vulnsrc/alma/mock_db.go:556.2,556.29 1 0
github.com/khulnasoft-lab/tunnel-db/pkg/vulnsrc/alma/mock_db.go:556.29,558.3 1 0
github.com/khulnasoft-lab/tunnel-db/pkg/vulnsrc/alma/mock_db.go:558.8,560.3 1 0
github.com/khulnasoft-lab/tunnel-db/pkg/vulnsrc/alma/mock_db.go:561.2,561.59 1 0
github.com/khulnasoft-lab/tunnel-db/pkg/vulnsrc/alma/mock_db.go:564.101,565.33 1 0
github.com/khulnasoft-lab/tunnel-db/pkg/vulnsrc/alma/mock_db.go:565.33,567.3 1 0
github.com/khulnasoft-lab/tunnel-db/pkg/vulnsrc/alma/mock_db.go:571.144,575.93 3 0
github.com/khulnasoft-lab/tunnel-db/pkg/vulnsrc/alma/mock_db.go:575.93,577.3 1 0
github.com/khulnasoft-lab/tunnel-db/pkg/vulnsrc/alma/mock_db.go:577.8,579.3 1 0
github.com/khulnasoft-lab/tunnel-db/pkg/vulnsrc/alma/mock_db.go:581.2,581.11 1 0
github.com/khulnasoft-lab/tunnel-db/pkg/vulnsrc/alma/mock_db.go:602.79,604.23 2 0
github.com/khulnasoft-lab/tunnel-db/pkg/vulnsrc/alma/mock_db.go:604.23,606.3 1 0
github.com/khulnasoft-lab/tunnel-db/pkg/vulnsrc/alma/mock_db.go:606.8,608.3 1 0
github.com/khulnasoft-lab/tunnel-db/pkg/vulnsrc/alma/mock_db.go:609.2,609.28 1 0
github.com/khulnasoft-lab/tunnel-db/pkg/vulnsrc/alma/mock_db.go:609.28,611.3 1 0
github.com/khulnasoft-lab/tunnel-db/pkg/vulnsrc/alma/mock_db.go:611.8,613.3 1 0
github.com/khulnasoft-lab/tunnel-db/pkg/vulnsrc/alma/mock_db.go:614.2,614.27 1 0
github.com/khulnasoft-lab/tunnel-db/pkg/vulnsrc/alma/mock_db.go:614.27,616.3 1 0
github.com/khulnasoft-lab/tunnel-db/pkg/vulnsrc/alma/mock_db.go:616.8,618.3 1 0
github.com/khulnasoft-lab/tunnel-db/pkg/vulnsrc/alma/mock_db.go:619.2,619.55 1 0
github.com/khulnasoft-lab/tunnel-db/pkg/vulnsrc/alma/mock_db.go:622.93,623.33 1 0
github.com/khulnasoft-lab/tunnel-db/pkg/vulnsrc/alma/mock_db.go:623.33,625.3 1 0
github.com/khulnasoft-lab/tunnel-db/pkg/vulnsrc/alma/mock_db.go:629.94,633.80 3 0
github.com/khulnasoft-lab/tunnel-db/pkg/vulnsrc/alma/mock_db.go:633.80,635.3 1 0
github.com/khulnasoft-lab/tunnel-db/pkg/vulnsrc/alma/mock_db.go:635.8,637.3 1 0
github.com/khulnasoft-lab/tunnel-db/pkg/vulnsrc/alma/mock_db.go:639.2,639.11 1 0
github.com/khulnasoft-lab/tunnel-db/pkg/vulnsrc/alma/mock_db.go:660.79,662.23 2 0
github.com/khulnasoft-lab/tunnel-db/pkg/vulnsrc/alma/mock_db.go:662.23,664.3 1 0
github.com/khulnasoft-lab/tunnel-db/pkg/vulnsrc/alma/mock_db.go:664.8,666.3 1 0
github.com/khulnasoft-lab/tunnel-db/pkg/vulnsrc/alma/mock_db.go:667.2,667.29 1 0
github.com/khulnasoft-lab/tunnel-db/pkg/vulnsrc/alma/mock_db.go:667.29,669.3 1 0
github.com/khulnasoft-lab/tunnel-db/pkg/vulnsrc/alma/mock_db.go:669.8,671.3 1 0
github.com/khulnasoft-lab/tunnel-db/pkg/vulnsrc/alma/mock_db.go:672.2,672.24 1 0
github.com/khulnasoft-lab/tunnel-db/pkg/vulnsrc/alma/mock_db.go:672.24,674.3 1 0
github.com/khulnasoft-lab/tunnel-db/pkg/vulnsrc/alma/mock_db.go:674.8,676.3 1 0
github.com/khulnasoft-lab/tunnel-db/pkg/vulnsrc/alma/mock_db.go:677.2,677.55 1 0
github.com/khulnasoft-lab/tunnel-db/pkg/vulnsrc/alma/mock_db.go:680.93,681.33 1 0
github.com/khulnasoft-lab/tunnel-db/pkg/vulnsrc/alma/mock_db.go:681.33,683.3 1 0
github.com/khulnasoft-lab/tunnel-db/pkg/vulnsrc/alma/mock_db.go:687.79,691.67 3 0
github.com/khulnasoft-lab/tunnel-db/pkg/vulnsrc/alma/mock_db.go:691.67,693.3 1 0
github.com/khulnasoft-lab/tunnel-db/pkg/vulnsrc/alma/mock_db.go:693.8,695.3 1 0
github.com/khulnasoft-lab/tunnel-db/pkg/vulnsrc/alma/mock_db.go:697.2,697.11 1 0
github.com/khulnasoft-lab/tunnel-db/pkg/vulnsrc/alma/mock_db.go:718.79,720.23 2 0
github.com/khulnasoft-lab/tunnel-db/pkg/vulnsrc/alma/mock_db.go:720.23,722.3 1 0
github.com/khulnasoft-lab/tunnel-db/pkg/vulnsrc/alma/mock_db.go:722.8,724.3 1 0
github.com/khulnasoft-lab/tunnel-db/pkg/vulnsrc/alma/mock_db.go:725.2,725.24 1 0
github.com/khulnasoft-lab/tunnel-db/pkg/vulnsrc/alma/mock_db.go:725.24,727.3 1 0
github.com/khulnasoft-lab/tunnel-db/pkg/vulnsrc/alma/mock_db.go:727.8,729.3 1 0
github.com/khulnasoft-lab/tunnel-db/pkg/vulnsrc/alma/mock_db.go:730.2,730.31 1 0
github.com/khulnasoft-lab/tunnel-db/pkg/vulnsrc/alma/mock_db.go:730.31,732.3 1 0
github.com/khulnasoft-lab/tunnel-db/pkg/vulnsrc/alma/mock_db.go:732.8,734.3 1 0
github.com/khulnasoft-lab/tunnel-db/pkg/vulnsrc/alma/mock_db.go:735.2,735.55 1 0
github.com/khulnasoft-lab/tunnel-db/pkg/vulnsrc/alma/mock_db.go:738.93,739.33 1 0
github.com/khulnasoft-lab/tunnel-db/pkg/vulnsrc/alma/mock_db.go:739.33,741.3 1 0
github.com/khulnasoft-lab/tunnel-db/pkg/vulnsrc/alma/mock_db.go:745.83,749.69 3 0
github.com/khulnasoft-lab/tunnel-db/pkg/vulnsrc/alma/mock_db.go:749.69,751.3 1 0
github.com/khulnasoft-lab/tunnel-db/pkg/vulnsrc/alma/mock_db.go:751.8,753.3 1 0
github.com/khulnasoft-lab/tunnel-db/pkg/vulnsrc/alma/mock_db.go:755.2,755.11 1 0
github.com/khulnasoft-lab/tunnel-db/pkg/vulnsrc/alma/mock_db.go:776.95,778.23 2 0
github.com/khulnasoft-lab/tunnel-db/pkg/vulnsrc/alma/mock_db.go:778.23,780.3 1 0
github.com/khulnasoft-lab/tunnel-db/pkg/vulnsrc/alma/mock_db.go:780.8,782.3 1 0
github.com/khulnasoft-lab/tunnel-db/pkg/vulnsrc/alma/mock_db.go:783.2,783.31 1 0
github.com/khulnasoft-lab/tunnel-db/pkg/vulnsrc/alma/mock_db.go:783.31,785.3 1 0
github.com/khulnasoft-lab/tunnel-db/pkg/vulnsrc/alma/mock_db.go:785.8,787.3 1 0
github.com/khulnasoft-lab/tunnel-db/pkg/vulnsrc/alma/mock_db.go:788.2,788.31 1 0
github.com/khulnasoft-lab/tunnel-db/pkg/vulnsrc/alma/mock_db.go:788.31,790.3 1 0
github.com/khulnasoft-lab/tunnel-db/pkg/vulnsrc/alma/mock_db.go:790.8,792.3 1 0
github.com/khulnasoft-lab/tunnel-db/pkg/vulnsrc/alma/mock_db.go:793.2,793.63 1 0
github.com/khulnasoft-lab/tunnel-db/pkg/vulnsrc/alma/mock_db.go:796.109,797.33 1 0
github.com/khulnasoft-lab/tunnel-db/pkg/vulnsrc/alma/mock_db.go:797.33,799.3 1 0
github.com/khulnasoft-lab/tunnel-db/pkg/vulnsrc/alma/mock_db.go:803.98,807.69 3 0
github.com/khulnasoft-lab/tunnel-db/pkg/vulnsrc/alma/mock_db.go:807.69,809.3 1 0
github.com/khulnasoft-lab/tunnel-db/pkg/vulnsrc/alma/mock_db.go:809.8,811.3 1 0
github.com/khulnasoft-lab/tunnel-db/pkg/vulnsrc/alma/mock_db.go:813.2,813.11 1 0
github.com/khulnasoft-lab/tunnel-db/pkg/vulnsrc/alma/mock_db.go:834.85,836.23 2 0
github.com/khulnasoft-lab/tunnel-db/pkg/vulnsrc/alma/mock_db.go:836.23,838.3 1 0
github.com/khulnasoft-lab/tunnel-db/pkg/vulnsrc/alma/mock_db.go:838.8,840.3 1 0
github.com/khulnasoft-lab/tunnel-db/pkg/vulnsrc/alma/mock_db.go:841.2,841.36 1 0
github.com/khulnasoft-lab/tunnel-db/pkg/vulnsrc/alma/mock_db.go:841.36,843.3 1 0
github.com/khulnasoft-lab/tunnel-db/pkg/vulnsrc/alma/mock_db.go:843.8,845.3 1 0
github.com/khulnasoft-lab/tunnel-db/pkg/vulnsrc/alma/mock_db.go:846.2,846.34 1 0
github.com/khulnasoft-lab/tunnel-db/pkg/vulnsrc/alma/mock_db.go:846.34,848.3 1 0
github.com/khulnasoft-lab/tunnel-db/pkg/vulnsrc/alma/mock_db.go:848.8,850.3 1 0
github.com/khulnasoft-lab/tunnel-db/pkg/vulnsrc/alma/mock_db.go:851.2,851.58 1 0
github.com/khulnasoft-lab/tunnel-db/pkg/vulnsrc/alma/mock_db.go:854.99,855.33 1 0
github.com/khulnasoft-lab/tunnel-db/pkg/vulnsrc/alma/mock_db.go:855.33,857.3 1 0
github.com/khulnasoft-lab/tunnel-db/pkg/vulnsrc/alma/mock_db.go:861.115,865.83 3 0
github.com/khulnasoft-lab/tunnel-db/pkg/vulnsrc/alma/mock_db.go:865.83,867.3 1 0
github.com/khulnasoft-lab/tunnel-db/pkg/vulnsrc/alma/mock_db.go:867.8,869.3 1 0
github.com/khulnasoft-lab/tunnel-db/pkg/vulnsrc/alma/mock_db.go:871.2,871.11 1 0
github.com/khulnasoft-lab/tunnel-db/pkg/vulnsrc/alma/mock_db.go:894.97,896.23 2 0
github.com/khulnasoft-lab/tunnel-db/pkg/vulnsrc/alma/mock_db.go:896.23,898.3 1 0
github.com/khulnasoft-lab/tunnel-db/pkg/vulnsrc/alma/mock_db.go:898.8,900.3 1 0
github.com/khulnasoft-lab/tunnel-db/pkg/vulnsrc/alma/mock_db.go:901.2,901.36 1 0
github.com/khulnasoft-lab/tunnel-db/pkg/vulnsrc/alma/mock_db.go:901.36,903.3 1 0
github.com/khulnasoft-lab/tunnel-db/pkg/vulnsrc/alma/mock_db.go:903.8,905.3 1 0
github.com/khulnasoft-lab/tunnel-db/pkg/vulnsrc/alma/mock_db.go:906.2,906.27 1 0
github.com/khulnasoft-lab/tunnel-db/pkg/vulnsrc/alma/mock_db.go:906.27,908.3 1 0
github.com/khulnasoft-lab/tunnel-db/pkg/vulnsrc/alma/mock_db.go:908.8,910.3 1 0
github.com/khulnasoft-lab/tunnel-db/pkg/vulnsrc/alma/mock_db.go:911.2,911.34 1 0
github.com/khulnasoft-lab/tunnel-db/pkg/vulnsrc/alma/mock_db.go:911.34,913.3 1 0
github.com/khulnasoft-lab/tunnel-db/pkg/vulnsrc/alma/mock_db.go:913.8,915.3 1 0
github.com/khulnasoft-lab/tunnel-db/pkg/vulnsrc/alma/mock_db.go:916.2,916.64 1 0
github.com/khulnasoft-lab/tunnel-db/pkg/vulnsrc/alma/mock_db.go:919.111,920.33 1 0
github.com/khulnasoft-lab/tunnel-db/pkg/vulnsrc/alma/mock_db.go:920.33,922.3 1 0
github.com/khulnasoft-lab/tunnel-db/pkg/vulnsrc/alma/mock_db.go:926.150,930.105 3 0
github.com/khulnasoft-lab/tunnel-db/pkg/vulnsrc/alma/mock_db.go:930.105,932.3 1 0
github.com/khulnasoft-lab/tunnel-db/pkg/vulnsrc/alma/mock_db.go:932.8,934.3 1 0
github.com/khulnasoft-lab/tunnel-db/pkg/vulnsrc/alma/mock_db.go:936.2,936.11 1 0
github.com/khulnasoft-lab/tunnel-db/pkg/vulnsrc/alma/mock_db.go:955.89,957.23 2 0
github.com/khulnasoft-lab/tunnel-db/pkg/vulnsrc/alma/mock_db.go:957.23,959.3 1 0
github.com/khulnasoft-lab/tunnel-db/pkg/vulnsrc/alma/mock_db.go:959.8,961.3 1 0
github.com/khulnasoft-lab/tunnel-db/pkg/vulnsrc/alma/mock_db.go:962.2,962.36 1 0
github.com/khulnasoft-lab/tunnel-db/pkg/vulnsrc/alma/mock_db.go:962.36,964.3 1 0
github.com/khulnasoft-lab/tunnel-db/pkg/vulnsrc/alma/mock_db.go:964.8,966.3 1 0
github.com/khulnasoft-lab/tunnel-db/pkg/vulnsrc/alma/mock_db.go:967.2,967.60 1 0
github.com/khulnasoft-lab/tunnel-db/pkg/vulnsrc/alma/mock_db.go:970.103,971.33 1 0
github.com/khulnasoft-lab/tunnel-db/pkg/vulnsrc/alma/mock_db.go:971.33,973.3 1 0
github.com/khulnasoft-lab/tunnel-db/pkg/vulnsrc/alma/mock_db.go:977.82,981.62 3 0
github.com/khulnasoft-lab/tunnel-db/pkg/vulnsrc/alma/mock_db.go:981.62,983.3 1 0
github.com/khulnasoft-lab/tunnel-db/pkg/vulnsrc/alma/mock_db.go:983.8,985.3 1 0
github.com/khulnasoft-lab/tunnel-db/pkg/vulnsrc/alma/mock_db.go:987.2,987.11 1 0
github.com/khulnasoft-lab/tunnel-db/pkg/vulnsrc/alma/mock_db.go:1005.83,1007.24 2 0
github.com/khulnasoft-lab/tunnel-db/pkg/vulnsrc/alma/mock_db.go:1007.24,1009.3 1 0
github.com/khulnasoft-lab/tunnel-db/pkg/vulnsrc/alma/mock_db.go:1009.8,1011.3 1 0
github.com/khulnasoft-lab/tunnel-db/pkg/vulnsrc/alma/mock_db.go:1012.2,1012.79 1 0
github.com/khulnasoft-lab/tunnel-db/pkg/vulnsrc/alma/mock_db.go:1015.97,1016.33 1 0
github.com/khulnasoft-lab/tunnel-db/pkg/vulnsrc/alma/mock_db.go:1016.33,1018.3 1 0
github.com/khulnasoft-lab/tunnel-db/pkg/vulnsrc/alma/mock_db.go:1022.62,1026.51 3 0
github.com/khulnasoft-lab/tunnel-db/pkg/vulnsrc/alma/mock_db.go:1026.51,1028.3 1 0
github.com/khulnasoft-lab/tunnel-db/pkg/vulnsrc/alma/mock_db.go:1028.8,1029.24 1 0
github.com/khulnasoft-lab/tunnel-db/pkg/vulnsrc/alma/mock_db.go:1029.24,1031.4 1 0
github.com/khulnasoft-lab/tunnel-db/pkg/vulnsrc/alma/mock_db.go:1034.2,1035.51 2 0
github.com/khulnasoft-lab/tunnel-db/pkg/vulnsrc/alma/mock_db.go:1035.51,1037.3 1 0
github.com/khulnasoft-lab/tunnel-db/pkg/vulnsrc/alma/mock_db.go:1037.8,1039.3 1 0
github.com/khulnasoft-lab/tunnel-db/pkg/vulnsrc/alma/mock_db.go:1041.2,1041.15 1 0
github.com/khulnasoft-lab/tunnel-db/pkg/vulnsrc/alma/mock_db.go:1059.85,1061.31 2 0
github.com/khulnasoft-lab/tunnel-db/pkg/vulnsrc/alma/mock_db.go:1061.31,1063.3 1 0
github.com/khulnasoft-lab/tunnel-db/pkg/vulnsrc/alma/mock_db.go:1063.8,1065.3 1 0
github.com/khulnasoft-lab/tunnel-db/pkg/vulnsrc/alma/mock_db.go:1066.2,1066.80 1 0
github.com/khulnasoft-lab/tunnel-db/pkg/vulnsrc/alma/mock_db.go:1069.99,1070.33 1 0
github.com/khulnasoft-lab/tunnel-db/pkg/vulnsrc/alma/mock_db.go:1070.33,1072.3 1 0
github.com/khulnasoft-lab/tunnel-db/pkg/vulnsrc/alma/mock_db.go:1076.70,1080.51 3 0
github.com/khulnasoft-lab/tunnel-db/pkg/vulnsrc/alma/mock_db.go:1080.51,1082.3 1 0
github.com/khulnasoft-lab/tunnel-db/pkg/vulnsrc/alma/mock_db.go:1082.8,1083.24 1 0
github.com/khulnasoft-lab/tunnel-db/pkg/vulnsrc/alma/mock_db.go:1083.24,1085.4 1 0
github.com/khulnasoft-lab/tunnel-db/pkg/vulnsrc/alma/mock_db.go:1088.2,1089.51 2 0
github.com/khulnasoft-lab/tunnel-db/pkg/vulnsrc/alma/mock_db.go:1089.51,1091.3 1 0
github.com/khulnasoft-lab/tunnel-db/pkg/vulnsrc/alma/mock_db.go:1091.8,1093.3 1 0
github.com/khulnasoft-lab/tunnel-db/pkg/vulnsrc/alma/mock_db.go:1095.2,1095.15 1 0
github.com/khulnasoft-lab/tunnel-db/pkg/vulnsrc/alma/mock_db.go:1114.91,1116.23 2 0
github.com/khulnasoft-lab/tunnel-db/pkg/vulnsrc/alma/mock_db.go:1116.23,1118.3 1 0
github.com/khulnasoft-lab/tunnel-db/pkg/vulnsrc/alma/mock_db.go:1118.8,1120.3 1 0
github.com/khulnasoft-lab/tunnel-db/pkg/vulnsrc/alma/mock_db.go:1121.2,1121.26 1 0
github.com/khulnasoft-lab/tunnel-db/pkg/vulnsrc/alma/mock_db.go:1121.26,1123.3 1 0
github.com/khulnasoft-lab/tunnel-db/pkg/vulnsrc/alma/mock_db.go:1123.8,1125.3 1 0
github.com/khulnasoft-lab/tunnel-db/pkg/vulnsrc/alma/mock_db.go:1126.2,1126.61 1 0
github.com/khulnasoft-lab/tunnel-db/pkg/vulnsrc/alma/mock_db.go:1129.105,1130.33 1 0
github.com/khulnasoft-lab/tunnel-db/pkg/vulnsrc/alma/mock_db.go:1130.33,1132.3 1 0
github.com/khulnasoft-lab/tunnel-db/pkg/vulnsrc/alma/mock_db.go:1136.73,1140.62 3 0
github.com/khulnasoft-lab/tunnel-db/pkg/vulnsrc/alma/mock_db.go:1140.62,1142.3 1 0
github.com/khulnasoft-lab/tunnel-db/pkg/vulnsrc/alma/mock_db.go:1142.8,1144.3 1 0
github.com/khulnasoft-lab/tunnel-db/pkg/vulnsrc/alma/mock_db.go:1146.2,1146.11 1 0
github.com/khulnasoft-lab/tunnel-db/pkg/vulnsrc/alpine/alpine.go:37.27,41.2 1 2
github.com/khulnasoft-lab/tunnel-db/pkg/vulnsrc/alpine/alpine.go:43.41,45.2 1 0
github.com/khulnasoft-lab/tunnel-db/pkg/vulnsrc/alpine/alpine.go:47.44,50.70 3 2
github.com/khulnasoft-lab/tunnel-db/pkg/vulnsrc/alpine/alpine.go:50.70,52.62 2 2
github.com/khulnasoft-lab/tunnel-db/pkg/vulnsrc/alpine/alpine.go:52.62,54.4 1 1
github.com/khulnasoft-lab/tunnel-db/pkg/vulnsrc/alpine/alpine.go:55.3,56.13 2 1
github.com/khulnasoft-lab/tunnel-db/pkg/vulnsrc/alpine/alpine.go:58.2,58.16 1 2
github.com/khulnasoft-lab/tunnel-db/pkg/vulnsrc/alpine/alpine.go:58.16,60.3 1 1
github.com/khulnasoft-lab/tunnel-db/pkg/vulnsrc/alpine/alpine.go:62.2,62.43 1 1
github.com/khulnasoft-lab/tunnel-db/pkg/vulnsrc/alpine/alpine.go:62.43,64.3 1 0
github.com/khulnasoft-lab/tunnel-db/pkg/vulnsrc/alpine/alpine.go:66.2,66.12 1 1
github.com/khulnasoft-lab/tunnel-db/pkg/vulnsrc/alpine/alpine.go:69.53,70.52 1 1
github.com/khulnasoft-lab/tunnel-db/pkg/vulnsrc/alpine/alpine.go:70.52,71.34 1 1
github.com/khulnasoft-lab/tunnel-db/pkg/vulnsrc/alpine/alpine.go:71.34,74.73 3 1
github.com/khulnasoft-lab/tunnel-db/pkg/vulnsrc/alpine/alpine.go:74.73,76.5 1 0
github.com/khulnasoft-lab/tunnel-db/pkg/vulnsrc/alpine/alpine.go:77.4,77.87 1 1
github.com/khulnasoft-lab/tunnel-db/pkg/vulnsrc/alpine/alpine.go:77.87,79.5 1 0
github.com/khulnasoft-lab/tunnel-db/pkg/vulnsrc/alpine/alpine.go:81.3,81.13 1 1
github.com/khulnasoft-lab/tunnel-db/pkg/vulnsrc/alpine/alpine.go:83.2,83.16 1 1
github.com/khulnasoft-lab/tunnel-db/pkg/vulnsrc/alpine/alpine.go:83.16,85.3 1 0
github.com/khulnasoft-lab/tunnel-db/pkg/vulnsrc/alpine/alpine.go:86.2,86.12 1 1
github.com/khulnasoft-lab/tunnel-db/pkg/vulnsrc/alpine/alpine.go:89.107,90.46 1 1
github.com/khulnasoft-lab/tunnel-db/pkg/vulnsrc/alpine/alpine.go:90.46,94.34 2 2
github.com/khulnasoft-lab/tunnel-db/pkg/vulnsrc/alpine/alpine.go:94.34,98.30 2 3
github.com/khulnasoft-lab/tunnel-db/pkg/vulnsrc/alpine/alpine.go:98.30,100.42 2 3
github.com/khulnasoft-lab/tunnel-db/pkg/vulnsrc/alpine/alpine.go:100.42,101.14 1 0
github.com/khulnasoft-lab/tunnel-db/pkg/vulnsrc/alpine/alpine.go:103.5,103.102 1 3
github.com/khulnasoft-lab/tunnel-db/pkg/vulnsrc/alpine/alpine.go:103.102,105.6 1 0
github.com/khulnasoft-lab/tunnel-db/pkg/vulnsrc/alpine/alpine.go:108.5,108.64 1 3
github.com/khulnasoft-lab/tunnel-db/pkg/vulnsrc/alpine/alpine.go:108.64,110.6 1 0
github.com/khulnasoft-lab/tunnel-db/pkg/vulnsrc/alpine/alpine.go:114.2,114.12 1 1
github.com/khulnasoft-lab/tunnel-db/pkg/vulnsrc/alpine/alpine.go:117.74,120.16 3 0
github.com/khulnasoft-lab/tunnel-db/pkg/vulnsrc/alpine/alpine.go:120.16,122.3 1 0
github.com/khulnasoft-lab/tunnel-db/pkg/vulnsrc/alpine/alpine.go:123.2,123.24 1 0
github.com/khulnasoft-lab/tunnel-db/pkg/vulnsrc/amazon/amazon.go:66.27,71.2 1 6
github.com/khulnasoft-lab/tunnel-db/pkg/vulnsrc/amazon/amazon.go:73.41,75.2 1 0
github.com/khulnasoft-lab/tunnel-db/pkg/vulnsrc/amazon/amazon.go:77.44,81.16 3 3
github.com/khulnasoft-lab/tunnel-db/pkg/vulnsrc/amazon/amazon.go:81.16,83.3 1 2
github.com/khulnasoft-lab/tunnel-db/pkg/vulnsrc/amazon/amazon.go:85.2,85.33 1 1
github.com/khulnasoft-lab/tunnel-db/pkg/vulnsrc/amazon/amazon.go:85.33,87.3 1 0
github.com/khulnasoft-lab/tunnel-db/pkg/vulnsrc/amazon/amazon.go:89.2,89.12 1 1
github.com/khulnasoft-lab/tunnel-db/pkg/vulnsrc/amazon/amazon.go:92.61,94.20 2 4
github.com/khulnasoft-lab/tunnel-db/pkg/vulnsrc/amazon/amazon.go:94.20,96.3 1 0
github.com/khulnasoft-lab/tunnel-db/pkg/vulnsrc/amazon/amazon.go:97.2,98.48 2 4
github.com/khulnasoft-lab/tunnel-db/pkg/vulnsrc/amazon/amazon.go:98.48,101.3 2 0
github.com/khulnasoft-lab/tunnel-db/pkg/vulnsrc/amazon/amazon.go:103.2,104.57 2 4
github.com/khulnasoft-lab/tunnel-db/pkg/vulnsrc/amazon/amazon.go:104.57,106.3 1 1
github.com/khulnasoft-lab/tunnel-db/pkg/vulnsrc/amazon/amazon.go:108.2,109.12 2 3
github.com/khulnasoft-lab/tunnel-db/pkg/vulnsrc/amazon/amazon.go:112.32,114.52 2 1
github.com/khulnasoft-lab/tunnel-db/pkg/vulnsrc/amazon/amazon.go:114.52,116.3 1 1
github.com/khulnasoft-lab/tunnel-db/pkg/vulnsrc/amazon/amazon.go:117.2,117.16 1 1
github.com/khulnasoft-lab/tunnel-db/pkg/vulnsrc/amazon/amazon.go:117.16,119.3 1 0
github.com/khulnasoft-lab/tunnel-db/pkg/vulnsrc/amazon/amazon.go:120.2,120.12 1 1
github.com/khulnasoft-lab/tunnel-db/pkg/vulnsrc/amazon/amazon.go:123.45,124.52 1 1
github.com/khulnasoft-lab/tunnel-db/pkg/vulnsrc/amazon/amazon.go:124.52,126.72 2 3
github.com/khulnasoft-lab/tunnel-db/pkg/vulnsrc/amazon/amazon.go:126.72,128.4 1 0
github.com/khulnasoft-lab/tunnel-db/pkg/vulnsrc/amazon/amazon.go:129.3,129.33 1 3
github.com/khulnasoft-lab/tunnel-db/pkg/vulnsrc/amazon/amazon.go:129.33,130.38 1 3
github.com/khulnasoft-lab/tunnel-db/pkg/vulnsrc/amazon/amazon.go:130.38,131.39 1 3
github.com/khulnasoft-lab/tunnel-db/pkg/vulnsrc/amazon/amazon.go:131.39,135.108 2 5
github.com/khulnasoft-lab/tunnel-db/pkg/vulnsrc/amazon/amazon.go:135.108,137.7 1 0
github.com/khulnasoft-lab/tunnel-db/pkg/vulnsrc/amazon/amazon.go:139.6,140.42 2 5
github.com/khulnasoft-lab/tunnel-db/pkg/vulnsrc/amazon/amazon.go:140.42,142.7 1 5
github.com/khulnasoft-lab/tunnel-db/pkg/vulnsrc/amazon/amazon.go:144.6,150.86 2 5
github.com/khulnasoft-lab/tunnel-db/pkg/vulnsrc/amazon/amazon.go:150.86,152.7 1 0
github.com/khulnasoft-lab/tunnel-db/pkg/vulnsrc/amazon/amazon.go:155.6,155.65 1 5
github.com/khulnasoft-lab/tunnel-db/pkg/vulnsrc/amazon/amazon.go:155.65,157.7 1 0
github.com/khulnasoft-lab/tunnel-db/pkg/vulnsrc/amazon/amazon.go:162.2,162.12 1 1
github.com/khulnasoft-lab/tunnel-db/pkg/vulnsrc/amazon/amazon.go:166.81,169.16 3 3
github.com/khulnasoft-lab/tunnel-db/pkg/vulnsrc/amazon/amazon.go:169.16,171.3 1 1
github.com/khulnasoft-lab/tunnel-db/pkg/vulnsrc/amazon/amazon.go:172.2,172.24 1 2
github.com/khulnasoft-lab/tunnel-db/pkg/vulnsrc/amazon/amazon.go:175.59,176.18 1 5
github.com/khulnasoft-lab/tunnel-db/pkg/vulnsrc/amazon/amazon.go:177.13,178.27 1 2
github.com/khulnasoft-lab/tunnel-db/pkg/vulnsrc/amazon/amazon.go:179.16,180.30 1 0
github.com/khulnasoft-lab/tunnel-db/pkg/vulnsrc/amazon/amazon.go:181.19,182.28 1 2
github.com/khulnasoft-lab/tunnel-db/pkg/vulnsrc/amazon/amazon.go:183.18,184.32 1 1
github.com/khulnasoft-lab/tunnel-db/pkg/vulnsrc/amazon/amazon.go:185.10,186.31 1 0
github.com/khulnasoft-lab/tunnel-db/pkg/vulnsrc/arch-linux/archlinux.go:35.27,39.2 1 2
github.com/khulnasoft-lab/tunnel-db/pkg/vulnsrc/arch-linux/archlinux.go:41.41,43.2 1 0
github.com/khulnasoft-lab/tunnel-db/pkg/vulnsrc/arch-linux/archlinux.go:45.44,50.70 3 2
[...]
github.com/khulnasoft-lab/tunnel-db/pkg/vulnsrc/rocky/mock_db.go:1044.8,1046.3 1 0
github.com/khulnasoft-lab/tunnel-db/pkg/vulnsrc/rocky/mock_db.go:1048.2,1048.15 1 0
github.com/khulnasoft-lab/tunnel-db/pkg/vulnsrc/rocky/mock_db.go:1066.85,1068.31 2 0
github.com/khulnasoft-lab/tunnel-db/pkg/vulnsrc/rocky/mock_db.go:1068.31,1070.3 1 0
github.com/khulnasoft-lab/tunnel-db/pkg/vulnsrc/rocky/mock_db.go:1070.8,1072.3 1 0
github.com/khulnasoft-lab/tunnel-db/pkg/vulnsrc/rocky/mock_db.go:1073.2,1073.80 1 0
github.com/khulnasoft-lab/tunnel-db/pkg/vulnsrc/rocky/mock_db.go:1076.99,1077.33 1 0
github.com/khulnasoft-lab/tunnel-db/pkg/vulnsrc/rocky/mock_db.go:1077.33,1079.3 1 0
github.com/khulnasoft-lab/tunnel-db/pkg/vulnsrc/rocky/mock_db.go:1083.70,1087.51 3 0
github.com/khulnasoft-lab/tunnel-db/pkg/vulnsrc/rocky/mock_db.go:1087.51,1089.3 1 0
github.com/khulnasoft-lab/tunnel-db/pkg/vulnsrc/rocky/mock_db.go:1089.8,1090.24 1 0
github.com/khulnasoft-lab/tunnel-db/pkg/vulnsrc/rocky/mock_db.go:1090.24,1092.4 1 0
github.com/khulnasoft-lab/tunnel-db/pkg/vulnsrc/rocky/mock_db.go:1095.2,1096.51 2 0
github.com/khulnasoft-lab/tunnel-db/pkg/vulnsrc/rocky/mock_db.go:1096.51,1098.3 1 0
github.com/khulnasoft-lab/tunnel-db/pkg/vulnsrc/rocky/mock_db.go:1098.8,1100.3 1 0
github.com/khulnasoft-lab/tunnel-db/pkg/vulnsrc/rocky/mock_db.go:1102.2,1102.15 1 0
github.com/khulnasoft-lab/tunnel-db/pkg/vulnsrc/rocky/mock_db.go:1121.91,1123.23 2 0
github.com/khulnasoft-lab/tunnel-db/pkg/vulnsrc/rocky/mock_db.go:1123.23,1125.3 1 0
github.com/khulnasoft-lab/tunnel-db/pkg/vulnsrc/rocky/mock_db.go:1125.8,1127.3 1 0
github.com/khulnasoft-lab/tunnel-db/pkg/vulnsrc/rocky/mock_db.go:1128.2,1128.26 1 0
github.com/khulnasoft-lab/tunnel-db/pkg/vulnsrc/rocky/mock_db.go:1128.26,1130.3 1 0
github.com/khulnasoft-lab/tunnel-db/pkg/vulnsrc/rocky/mock_db.go:1130.8,1132.3 1 0
github.com/khulnasoft-lab/tunnel-db/pkg/vulnsrc/rocky/mock_db.go:1133.2,1133.61 1 0
github.com/khulnasoft-lab/tunnel-db/pkg/vulnsrc/rocky/mock_db.go:1136.105,1137.33 1 0
github.com/khulnasoft-lab/tunnel-db/pkg/vulnsrc/rocky/mock_db.go:1137.33,1139.3 1 0
github.com/khulnasoft-lab/tunnel-db/pkg/vulnsrc/rocky/mock_db.go:1143.73,1147.62 3 0
github.com/khulnasoft-lab/tunnel-db/pkg/vulnsrc/rocky/mock_db.go:1147.62,1149.3 1 0
github.com/khulnasoft-lab/tunnel-db/pkg/vulnsrc/rocky/mock_db.go:1149.8,1151.3 1 0
github.com/khulnasoft-lab/tunnel-db/pkg/vulnsrc/rocky/mock_db.go:1153.2,1153.11 1 0
github.com/khulnasoft-lab/tunnel-db/pkg/vulnsrc/rocky/rocky.go:68.28,72.2 1 11
github.com/khulnasoft-lab/tunnel-db/pkg/vulnsrc/rocky/rocky.go:74.42,76.2 1 0
github.com/khulnasoft-lab/tunnel-db/pkg/vulnsrc/rocky/rocky.go:78.45,81.16 3 7
github.com/khulnasoft-lab/tunnel-db/pkg/vulnsrc/rocky/rocky.go:81.16,83.3 1 1
github.com/khulnasoft-lab/tunnel-db/pkg/vulnsrc/rocky/rocky.go:84.2,84.38 1 6
github.com/khulnasoft-lab/tunnel-db/pkg/vulnsrc/rocky/rocky.go:84.38,86.3 1 0
github.com/khulnasoft-lab/tunnel-db/pkg/vulnsrc/rocky/rocky.go:88.2,88.12 1 6
github.com/khulnasoft-lab/tunnel-db/pkg/vulnsrc/rocky/rocky.go:93.69,95.70 2 7
github.com/khulnasoft-lab/tunnel-db/pkg/vulnsrc/rocky/rocky.go:95.70,97.61 2 12
github.com/khulnasoft-lab/tunnel-db/pkg/vulnsrc/rocky/rocky.go:97.61,99.4 1 1
github.com/khulnasoft-lab/tunnel-db/pkg/vulnsrc/rocky/rocky.go:101.3,102.21 2 11
github.com/khulnasoft-lab/tunnel-db/pkg/vulnsrc/rocky/rocky.go:102.21,105.4 2 0
github.com/khulnasoft-lab/tunnel-db/pkg/vulnsrc/rocky/rocky.go:108.3,109.38 2 11
github.com/khulnasoft-lab/tunnel-db/pkg/vulnsrc/rocky/rocky.go:109.38,111.4 1 9
github.com/khulnasoft-lab/tunnel-db/pkg/vulnsrc/rocky/rocky.go:112.3,113.43 2 11
github.com/khulnasoft-lab/tunnel-db/pkg/vulnsrc/rocky/rocky.go:113.43,116.4 2 0
github.com/khulnasoft-lab/tunnel-db/pkg/vulnsrc/rocky/rocky.go:118.3,118.44 1 11
github.com/khulnasoft-lab/tunnel-db/pkg/vulnsrc/rocky/rocky.go:118.44,121.4 2 0
github.com/khulnasoft-lab/tunnel-db/pkg/vulnsrc/rocky/rocky.go:123.3,124.13 2 11
github.com/khulnasoft-lab/tunnel-db/pkg/vulnsrc/rocky/rocky.go:126.2,126.16 1 7
github.com/khulnasoft-lab/tunnel-db/pkg/vulnsrc/rocky/rocky.go:126.16,128.3 1 1
github.com/khulnasoft-lab/tunnel-db/pkg/vulnsrc/rocky/rocky.go:129.2,129.20 1 6
github.com/khulnasoft-lab/tunnel-db/pkg/vulnsrc/rocky/rocky.go:132.59,133.48 1 6
github.com/khulnasoft-lab/tunnel-db/pkg/vulnsrc/rocky/rocky.go:133.48,134.43 1 6
github.com/khulnasoft-lab/tunnel-db/pkg/vulnsrc/rocky/rocky.go:134.43,136.69 2 6
github.com/khulnasoft-lab/tunnel-db/pkg/vulnsrc/rocky/rocky.go:136.69,138.5 1 0
github.com/khulnasoft-lab/tunnel-db/pkg/vulnsrc/rocky/rocky.go:139.4,139.62 1 6
github.com/khulnasoft-lab/tunnel-db/pkg/vulnsrc/rocky/rocky.go:139.62,141.5 1 0
github.com/khulnasoft-lab/tunnel-db/pkg/vulnsrc/rocky/rocky.go:143.3,143.13 1 6
github.com/khulnasoft-lab/tunnel-db/pkg/vulnsrc/rocky/rocky.go:145.2,145.16 1 6
github.com/khulnasoft-lab/tunnel-db/pkg/vulnsrc/rocky/rocky.go:145.16,147.3 1 0
github.com/khulnasoft-lab/tunnel-db/pkg/vulnsrc/rocky/rocky.go:148.2,148.12 1 6
github.com/khulnasoft-lab/tunnel-db/pkg/vulnsrc/rocky/rocky.go:151.82,153.33 2 6
github.com/khulnasoft-lab/tunnel-db/pkg/vulnsrc/rocky/rocky.go:153.33,154.40 1 11
github.com/khulnasoft-lab/tunnel-db/pkg/vulnsrc/rocky/rocky.go:154.40,158.40 2 11
github.com/khulnasoft-lab/tunnel-db/pkg/vulnsrc/rocky/rocky.go:158.40,160.5 1 5
github.com/khulnasoft-lab/tunnel-db/pkg/vulnsrc/rocky/rocky.go:161.4,161.41 1 11
github.com/khulnasoft-lab/tunnel-db/pkg/vulnsrc/rocky/rocky.go:161.41,164.52 1 21
github.com/khulnasoft-lab/tunnel-db/pkg/vulnsrc/rocky/rocky.go:164.52,165.14 1 2
github.com/khulnasoft-lab/tunnel-db/pkg/vulnsrc/rocky/rocky.go:168.5,175.50 2 19
github.com/khulnasoft-lab/tunnel-db/pkg/vulnsrc/rocky/rocky.go:175.50,179.81 2 13
github.com/khulnasoft-lab/tunnel-db/pkg/vulnsrc/rocky/rocky.go:179.81,181.7 1 14
github.com/khulnasoft-lab/tunnel-db/pkg/vulnsrc/rocky/rocky.go:184.6,184.15 1 13
github.com/khulnasoft-lab/tunnel-db/pkg/vulnsrc/rocky/rocky.go:184.15,185.49 1 11
github.com/khulnasoft-lab/tunnel-db/pkg/vulnsrc/rocky/rocky.go:185.49,187.8 1 5
github.com/khulnasoft-lab/tunnel-db/pkg/vulnsrc/rocky/rocky.go:188.7,188.54 1 11
github.com/khulnasoft-lab/tunnel-db/pkg/vulnsrc/rocky/rocky.go:188.54,190.8 1 1
github.com/khulnasoft-lab/tunnel-db/pkg/vulnsrc/rocky/rocky.go:191.7,191.39 1 11
github.com/khulnasoft-lab/tunnel-db/pkg/vulnsrc/rocky/rocky.go:192.12,192.23 1 2
github.com/khulnasoft-lab/tunnel-db/pkg/vulnsrc/rocky/rocky.go:192.23,195.7 2 2
github.com/khulnasoft-lab/tunnel-db/pkg/vulnsrc/rocky/rocky.go:196.11,203.6 1 6
github.com/khulnasoft-lab/tunnel-db/pkg/vulnsrc/rocky/rocky.go:206.4,206.34 1 11
github.com/khulnasoft-lab/tunnel-db/pkg/vulnsrc/rocky/rocky.go:206.34,207.13 1 1
github.com/khulnasoft-lab/tunnel-db/pkg/vulnsrc/rocky/rocky.go:210.4,211.43 2 10
github.com/khulnasoft-lab/tunnel-db/pkg/vulnsrc/rocky/rocky.go:211.43,213.5 1 11
github.com/khulnasoft-lab/tunnel-db/pkg/vulnsrc/rocky/rocky.go:215.4,227.30 6 10
github.com/khulnasoft-lab/tunnel-db/pkg/vulnsrc/rocky/rocky.go:231.2,231.36 1 6
github.com/khulnasoft-lab/tunnel-db/pkg/vulnsrc/rocky/rocky.go:231.36,233.17 2 5
github.com/khulnasoft-lab/tunnel-db/pkg/vulnsrc/rocky/rocky.go:233.17,235.4 1 0
github.com/khulnasoft-lab/tunnel-db/pkg/vulnsrc/rocky/rocky.go:237.2,237.12 1 6
github.com/khulnasoft-lab/tunnel-db/pkg/vulnsrc/rocky/rocky.go:240.56,241.89 1 5
github.com/khulnasoft-lab/tunnel-db/pkg/vulnsrc/rocky/rocky.go:241.89,243.3 1 0
github.com/khulnasoft-lab/tunnel-db/pkg/vulnsrc/rocky/rocky.go:246.2,246.62 1 5
github.com/khulnasoft-lab/tunnel-db/pkg/vulnsrc/rocky/rocky.go:246.62,248.3 1 0
github.com/khulnasoft-lab/tunnel-db/pkg/vulnsrc/rocky/rocky.go:250.2,250.50 1 5
github.com/khulnasoft-lab/tunnel-db/pkg/vulnsrc/rocky/rocky.go:250.50,251.42 1 6
github.com/khulnasoft-lab/tunnel-db/pkg/vulnsrc/rocky/rocky.go:251.42,254.4 2 8
github.com/khulnasoft-lab/tunnel-db/pkg/vulnsrc/rocky/rocky.go:255.3,255.111 1 6
github.com/khulnasoft-lab/tunnel-db/pkg/vulnsrc/rocky/rocky.go:255.111,257.4 1 0
github.com/khulnasoft-lab/tunnel-db/pkg/vulnsrc/rocky/rocky.go:259.2,259.12 1 5
github.com/khulnasoft-lab/tunnel-db/pkg/vulnsrc/rocky/rocky.go:262.78,265.16 3 4
github.com/khulnasoft-lab/tunnel-db/pkg/vulnsrc/rocky/rocky.go:265.16,267.3 1 0
github.com/khulnasoft-lab/tunnel-db/pkg/vulnsrc/rocky/rocky.go:268.2,269.39 2 4
github.com/khulnasoft-lab/tunnel-db/pkg/vulnsrc/rocky/rocky.go:269.39,271.56 2 4
github.com/khulnasoft-lab/tunnel-db/pkg/vulnsrc/rocky/rocky.go:271.56,273.4 1 1
github.com/khulnasoft-lab/tunnel-db/pkg/vulnsrc/rocky/rocky.go:277.3,277.28 1 3
github.com/khulnasoft-lab/tunnel-db/pkg/vulnsrc/rocky/rocky.go:277.28,284.12 2 1
github.com/khulnasoft-lab/tunnel-db/pkg/vulnsrc/rocky/rocky.go:287.3,287.37 1 2
github.com/khulnasoft-lab/tunnel-db/pkg/vulnsrc/rocky/rocky.go:287.37,288.44 1 3
github.com/khulnasoft-lab/tunnel-db/pkg/vulnsrc/rocky/rocky.go:288.44,289.13 1 1
github.com/khulnasoft-lab/tunnel-db/pkg/vulnsrc/rocky/rocky.go:291.4,293.42 3 2
github.com/khulnasoft-lab/tunnel-db/pkg/vulnsrc/rocky/rocky.go:297.2,297.24 1 3
github.com/khulnasoft-lab/tunnel-db/pkg/vulnsrc/rocky/rocky.go:300.57,301.35 1 10
github.com/khulnasoft-lab/tunnel-db/pkg/vulnsrc/rocky/rocky.go:302.13,303.27 1 0
github.com/khulnasoft-lab/tunnel-db/pkg/vulnsrc/rocky/rocky.go:304.18,305.30 1 1
github.com/khulnasoft-lab/tunnel-db/pkg/vulnsrc/rocky/rocky.go:306.19,307.28 1 9
github.com/khulnasoft-lab/tunnel-db/pkg/vulnsrc/rocky/rocky.go:308.18,309.32 1 0
github.com/khulnasoft-lab/tunnel-db/pkg/vulnsrc/rocky/rocky.go:311.2,311.30 1 0
github.com/khulnasoft-lab/tunnel-db/pkg/vulnsrc/rocky/rocky.go:316.64,317.42 1 19
github.com/khulnasoft-lab/tunnel-db/pkg/vulnsrc/rocky/rocky.go:317.42,319.3 1 8
github.com/khulnasoft-lab/tunnel-db/pkg/vulnsrc/rocky/rocky.go:320.2,320.20 1 11
github.com/khulnasoft-lab/tunnel-db/pkg/vulnsrc/vulnerability/vulnerability.go:26.42,28.2 1 8
github.com/khulnasoft-lab/tunnel-db/pkg/vulnsrc/vulnerability/vulnerability.go:30.95,32.16 2 3
github.com/khulnasoft-lab/tunnel-db/pkg/vulnsrc/vulnerability/vulnerability.go:32.16,35.3 2 1
github.com/khulnasoft-lab/tunnel-db/pkg/vulnsrc/vulnerability/vulnerability.go:35.8,35.30 1 2
github.com/khulnasoft-lab/tunnel-db/pkg/vulnsrc/vulnerability/vulnerability.go:35.30,37.3 1 1
github.com/khulnasoft-lab/tunnel-db/pkg/vulnsrc/vulnerability/vulnerability.go:38.2,38.16 1 1
github.com/khulnasoft-lab/tunnel-db/pkg/vulnsrc/vulnerability/vulnerability.go:41.92,43.2 1 2
github.com/khulnasoft-lab/tunnel-db/pkg/vulnsrc/vulnerability/vulnerability.go:45.106,57.2 1 3
github.com/khulnasoft-lab/tunnel-db/pkg/vulnsrc/vulnerability/vulnerability.go:59.85,61.38 2 3
github.com/khulnasoft-lab/tunnel-db/pkg/vulnsrc/vulnerability/vulnerability.go:61.38,62.115 1 7
github.com/khulnasoft-lab/tunnel-db/pkg/vulnsrc/vulnerability/vulnerability.go:62.115,63.12 1 3
github.com/khulnasoft-lab/tunnel-db/pkg/vulnsrc/vulnerability/vulnerability.go:65.3,70.4 1 4
github.com/khulnasoft-lab/tunnel-db/pkg/vulnsrc/vulnerability/vulnerability.go:72.2,72.11 1 3
github.com/khulnasoft-lab/tunnel-db/pkg/vulnsrc/vulnerability/vulnerability.go:75.99,77.38 2 3
github.com/khulnasoft-lab/tunnel-db/pkg/vulnsrc/vulnerability/vulnerability.go:77.38,78.10 1 7
github.com/khulnasoft-lab/tunnel-db/pkg/vulnsrc/vulnerability/vulnerability.go:79.51,80.34 1 5
github.com/khulnasoft-lab/tunnel-db/pkg/vulnsrc/vulnerability/vulnerability.go:81.49,82.32 1 0
github.com/khulnasoft-lab/tunnel-db/pkg/vulnsrc/vulnerability/vulnerability.go:83.31,84.52 1 0
github.com/khulnasoft-lab/tunnel-db/pkg/vulnsrc/vulnerability/vulnerability.go:85.29,86.50 1 0
github.com/khulnasoft-lab/tunnel-db/pkg/vulnsrc/vulnerability/vulnerability.go:89.2,89.11 1 3
github.com/khulnasoft-lab/tunnel-db/pkg/vulnsrc/vulnerability/vulnerability.go:92.87,93.33 1 3
github.com/khulnasoft-lab/tunnel-db/pkg/vulnsrc/vulnerability/vulnerability.go:93.33,94.36 1 7
github.com/khulnasoft-lab/tunnel-db/pkg/vulnsrc/vulnerability/vulnerability.go:95.12,96.12 1 4
github.com/khulnasoft-lab/tunnel-db/pkg/vulnsrc/vulnerability/vulnerability.go:97.26,98.41 1 2
github.com/khulnasoft-lab/tunnel-db/pkg/vulnsrc/vulnerability/vulnerability.go:99.24,100.39 1 0
github.com/khulnasoft-lab/tunnel-db/pkg/vulnsrc/vulnerability/vulnerability.go:101.26,102.23 1 1
github.com/khulnasoft-lab/tunnel-db/pkg/vulnsrc/vulnerability/vulnerability.go:103.24,104.21 1 0
github.com/khulnasoft-lab/tunnel-db/pkg/vulnsrc/vulnerability/vulnerability.go:107.2,107.30 1 0
github.com/khulnasoft-lab/tunnel-db/pkg/vulnsrc/vulnerability/vulnerability.go:110.76,111.33 1 3
github.com/khulnasoft-lab/tunnel-db/pkg/vulnsrc/vulnerability/vulnerability.go:111.33,113.10 2 8
github.com/khulnasoft-lab/tunnel-db/pkg/vulnsrc/vulnerability/vulnerability.go:113.10,114.12 1 4
github.com/khulnasoft-lab/tunnel-db/pkg/vulnsrc/vulnerability/vulnerability.go:116.3,116.20 1 4
github.com/khulnasoft-lab/tunnel-db/pkg/vulnsrc/vulnerability/vulnerability.go:116.20,118.4 1 3
github.com/khulnasoft-lab/tunnel-db/pkg/vulnsrc/vulnerability/vulnerability.go:120.2,120.11 1 0
github.com/khulnasoft-lab/tunnel-db/pkg/vulnsrc/vulnerability/vulnerability.go:123.82,124.33 1 3
github.com/khulnasoft-lab/tunnel-db/pkg/vulnsrc/vulnerability/vulnerability.go:124.33,126.10 2 8
github.com/khulnasoft-lab/tunnel-db/pkg/vulnsrc/vulnerability/vulnerability.go:126.10,127.12 1 4
github.com/khulnasoft-lab/tunnel-db/pkg/vulnsrc/vulnerability/vulnerability.go:129.3,129.26 1 4
github.com/khulnasoft-lab/tunnel-db/pkg/vulnsrc/vulnerability/vulnerability.go:129.26,131.4 1 3
github.com/khulnasoft-lab/tunnel-db/pkg/vulnsrc/vulnerability/vulnerability.go:133.2,133.11 1 0
github.com/khulnasoft-lab/tunnel-db/pkg/vulnsrc/vulnerability/vulnerability.go:136.79,137.33 1 3
github.com/khulnasoft-lab/tunnel-db/pkg/vulnsrc/vulnerability/vulnerability.go:137.33,139.10 2 41
github.com/khulnasoft-lab/tunnel-db/pkg/vulnsrc/vulnerability/vulnerability.go:139.10,140.12 1 35
github.com/khulnasoft-lab/tunnel-db/pkg/vulnsrc/vulnerability/vulnerability.go:142.3,142.25 1 6
github.com/khulnasoft-lab/tunnel-db/pkg/vulnsrc/vulnerability/vulnerability.go:142.25,144.4 1 1
github.com/khulnasoft-lab/tunnel-db/pkg/vulnsrc/vulnerability/vulnerability.go:146.2,146.12 1 2
github.com/khulnasoft-lab/tunnel-db/pkg/vulnsrc/vulnerability/vulnerability.go:149.83,151.33 2 3
github.com/khulnasoft-lab/tunnel-db/pkg/vulnsrc/vulnerability/vulnerability.go:151.33,153.23 1 60
github.com/khulnasoft-lab/tunnel-db/pkg/vulnsrc/vulnerability/vulnerability.go:153.23,154.12 1 3
github.com/khulnasoft-lab/tunnel-db/pkg/vulnsrc/vulnerability/vulnerability.go:156.3,157.10 2 57
github.com/khulnasoft-lab/tunnel-db/pkg/vulnsrc/vulnerability/vulnerability.go:157.10,158.12 1 50
github.com/khulnasoft-lab/tunnel-db/pkg/vulnsrc/vulnerability/vulnerability.go:160.3,160.36 1 7
github.com/khulnasoft-lab/tunnel-db/pkg/vulnsrc/vulnerability/vulnerability.go:160.36,163.47 2 2
github.com/khulnasoft-lab/tunnel-db/pkg/vulnsrc/vulnerability/vulnerability.go:163.47,165.5 1 2
github.com/khulnasoft-lab/tunnel-db/pkg/vulnsrc/vulnerability/vulnerability.go:168.2,169.30 2 3
github.com/khulnasoft-lab/tunnel-db/pkg/vulnsrc/vulnerability/vulnerability.go:169.30,171.3 1 2
github.com/khulnasoft-lab/tunnel-db/pkg/vulnsrc/vulnerability/vulnerability.go:172.2,172.39 1 3
github.com/khulnasoft-lab/tunnel-db/pkg/vulnsrc/vulnerability/vulnerability.go:172.39,174.3 1 0
github.com/khulnasoft-lab/tunnel-db/pkg/vulnsrc/vulnerability/vulnerability.go:175.2,175.13 1 3
github.com/khulnasoft-lab/tunnel-db/pkg/vulnsrc/vulnerability/vulnerability.go:178.83,179.33 1 2
github.com/khulnasoft-lab/tunnel-db/pkg/vulnsrc/vulnerability/vulnerability.go:179.33,181.10 2 21
github.com/khulnasoft-lab/tunnel-db/pkg/vulnsrc/vulnerability/vulnerability.go:181.10,182.12 1 18
github.com/khulnasoft-lab/tunnel-db/pkg/vulnsrc/vulnerability/vulnerability.go:184.3,184.59 1 3
github.com/khulnasoft-lab/tunnel-db/pkg/vulnsrc/vulnerability/vulnerability.go:184.59,186.4 1 1
github.com/khulnasoft-lab/tunnel-db/pkg/vulnsrc/vulnerability/vulnerability.go:188.2,188.14 1 1
github.com/khulnasoft-lab/tunnel-db/pkg/vulnsrc/vulnerability/vulnerability.go:191.52,192.9 1 2
github.com/khulnasoft-lab/tunnel-db/pkg/vulnsrc/vulnerability/vulnerability.go:193.20,194.32 1 0
github.com/khulnasoft-lab/tunnel-db/pkg/vulnsrc/vulnerability/vulnerability.go:195.20,196.28 1 0
github.com/khulnasoft-lab/tunnel-db/pkg/vulnsrc/vulnerability/vulnerability.go:197.20,198.30 1 2
github.com/khulnasoft-lab/tunnel-db/pkg/vulnsrc/vulnerability/vulnerability.go:199.19,200.27 1 0
github.com/khulnasoft-lab/tunnel-db/pkg/vulnsrc/vulnerability/vulnerability.go:201.10,202.31 1 0
github.com/khulnasoft-lab/tunnel-db/pkg/vulnsrc/vulnerability/vulnerability.go:206.73,207.22 1 0
github.com/khulnasoft-lab/tunnel-db/pkg/vulnsrc/vulnerability/vulnerability.go:207.22,213.3 2 0
github.com/khulnasoft-lab/tunnel-db/pkg/vulnsrc/vulnerability/vulnerability.go:213.8,213.31 1 0
github.com/khulnasoft-lab/tunnel-db/pkg/vulnsrc/vulnerability/vulnerability.go:213.31,221.3 2 0
github.com/khulnasoft-lab/tunnel-db/pkg/vulnsrc/vulnerability/vulnerability.go:221.8,221.76 1 0
github.com/khulnasoft-lab/tunnel-db/pkg/vulnsrc/vulnerability/vulnerability.go:221.76,224.3 1 0
github.com/khulnasoft-lab/tunnel-db/pkg/vulnsrc/vulnerability/vulnerability.go:225.2,225.16 1 0
github.com/khulnasoft-lab/tunnel-db/pkg/vulnsrc/wolfi/wolfi.go:35.27,39.2 1 2
github.com/khulnasoft-lab/tunnel-db/pkg/vulnsrc/wolfi/wolfi.go:41.41,43.2 1 0
github.com/khulnasoft-lab/tunnel-db/pkg/vulnsrc/wolfi/wolfi.go:45.44,48.70 3 2
github.com/khulnasoft-lab/tunnel-db/pkg/vulnsrc/wolfi/wolfi.go:48.70,50.62 2 2
github.com/khulnasoft-lab/tunnel-db/pkg/vulnsrc/wolfi/wolfi.go:50.62,52.4 1 1
github.com/khulnasoft-lab/tunnel-db/pkg/vulnsrc/wolfi/wolfi.go:53.3,54.13 2 1
github.com/khulnasoft-lab/tunnel-db/pkg/vulnsrc/wolfi/wolfi.go:56.2,56.16 1 2
github.com/khulnasoft-lab/tunnel-db/pkg/vulnsrc/wolfi/wolfi.go:56.16,58.3 1 1
github.com/khulnasoft-lab/tunnel-db/pkg/vulnsrc/wolfi/wolfi.go:60.2,60.43 1 1
github.com/khulnasoft-lab/tunnel-db/pkg/vulnsrc/wolfi/wolfi.go:60.43,62.3 1 0
github.com/khulnasoft-lab/tunnel-db/pkg/vulnsrc/wolfi/wolfi.go:64.2,64.12 1 1
github.com/khulnasoft-lab/tunnel-db/pkg/vulnsrc/wolfi/wolfi.go:67.53,68.52 1 1
github.com/khulnasoft-lab/tunnel-db/pkg/vulnsrc/wolfi/wolfi.go:68.52,69.34 1 1
github.com/khulnasoft-lab/tunnel-db/pkg/vulnsrc/wolfi/wolfi.go:69.34,71.67 2 1
github.com/khulnasoft-lab/tunnel-db/pkg/vulnsrc/wolfi/wolfi.go:71.67,73.5 1 0
github.com/khulnasoft-lab/tunnel-db/pkg/vulnsrc/wolfi/wolfi.go:74.4,74.85 1 1
github.com/khulnasoft-lab/tunnel-db/pkg/vulnsrc/wolfi/wolfi.go:74.85,76.5 1 0
github.com/khulnasoft-lab/tunnel-db/pkg/vulnsrc/wolfi/wolfi.go:78.3,78.13 1 1
github.com/khulnasoft-lab/tunnel-db/pkg/vulnsrc/wolfi/wolfi.go:80.2,80.16 1 1
github.com/khulnasoft-lab/tunnel-db/pkg/vulnsrc/wolfi/wolfi.go:80.16,82.3 1 0
github.com/khulnasoft-lab/tunnel-db/pkg/vulnsrc/wolfi/wolfi.go:83.2,83.12 1 1
github.com/khulnasoft-lab/tunnel-db/pkg/vulnsrc/wolfi/wolfi.go:86.107,87.46 1 1
github.com/khulnasoft-lab/tunnel-db/pkg/vulnsrc/wolfi/wolfi.go:87.46,91.34 2 2
github.com/khulnasoft-lab/tunnel-db/pkg/vulnsrc/wolfi/wolfi.go:91.34,95.30 2 2
github.com/khulnasoft-lab/tunnel-db/pkg/vulnsrc/wolfi/wolfi.go:95.30,97.42 2 2
github.com/khulnasoft-lab/tunnel-db/pkg/vulnsrc/wolfi/wolfi.go:97.42,98.14 1 0
github.com/khulnasoft-lab/tunnel-db/pkg/vulnsrc/wolfi/wolfi.go:100.5,100.102 1 2
github.com/khulnasoft-lab/tunnel-db/pkg/vulnsrc/wolfi/wolfi.go:100.102,102.6 1 0
github.com/khulnasoft-lab/tunnel-db/pkg/vulnsrc/wolfi/wolfi.go:105.5,105.64 1 2
github.com/khulnasoft-lab/tunnel-db/pkg/vulnsrc/wolfi/wolfi.go:105.64,107.6 1 0
github.com/khulnasoft-lab/tunnel-db/pkg/vulnsrc/wolfi/wolfi.go:111.2,111.12 1 1
github.com/khulnasoft-lab/tunnel-db/pkg/vulnsrc/wolfi/wolfi.go:114.68,117.16 3 0
github.com/khulnasoft-lab/tunnel-db/pkg/vulnsrc/wolfi/wolfi.go:117.16,119.3 1 0
github.com/khulnasoft-lab/tunnel-db/pkg/vulnsrc/wolfi/wolfi.go:120.2,120.24 1 0
